TN:
SF:src\App.tsx
FN:22,App
FN:31,(anonymous_2)
FN:32,(anonymous_3)
FN:77,(anonymous_4)
FN:85,(anonymous_5)
FNF:5
FNH:5
FNDA:2,App
FNDA:2,(anonymous_2)
FNDA:2,(anonymous_3)
FNDA:2,(anonymous_4)
FNDA:2,(anonymous_5)
DA:1,1
DA:2,1
DA:3,1
DA:4,1
DA:5,1
DA:6,1
DA:7,1
DA:8,1
DA:9,1
DA:10,1
DA:11,1
DA:12,1
DA:14,1
DA:15,1
DA:16,1
DA:17,1
DA:18,1
DA:19,1
DA:20,1
DA:23,2
DA:24,2
DA:25,2
DA:26,2
DA:27,2
DA:29,2
DA:31,2
DA:32,2
DA:33,2
DA:34,2
DA:36,2
DA:37,2
DA:38,2
DA:42,2
DA:43,2
DA:44,2
DA:49,0
DA:50,0
DA:54,0
DA:55,0
DA:56,0
DA:57,0
DA:59,0
DA:60,0
DA:61,0
DA:62,0
DA:63,0
DA:66,0
DA:72,0
DA:75,2
DA:77,2
DA:78,2
DA:79,2
DA:81,2
DA:85,2
DA:86,2
DA:87,1
DA:90,1
DA:92,1
DA:100,0
DA:102,0
DA:104,0
DA:108,2
DA:128,1
LF:63
LH:47
BRDA:36,0,0,2
BRDA:49,1,0,0
BRDA:50,2,0,0
BRDA:51,3,0,0
BRDA:51,3,1,0
BRDA:59,4,0,0
BRDA:67,5,0,0
BRDA:67,5,1,0
BRDA:67,6,0,0
BRDA:67,6,1,0
BRDA:86,7,0,1
BRDA:90,8,0,1
BRDA:90,8,1,0
BRDA:90,8,2,0
BRDA:90,8,3,0
BRDA:111,9,0,2
BRDA:111,9,1,0
BRDA:112,10,0,2
BRDA:112,10,1,0
BRF:19
BRH:5
end_of_record
TN:
SF:src\main.tsx
FNF:0
FNH:0
DA:11,0
LF:1
LH:0
BRF:0
BRH:0
end_of_record
TN:
SF:src\vite-env-bridge.ts
FNF:0
FNH:0
DA:1,0
LF:1
LH:0
BRF:0
BRH:0
end_of_record
TN:
SF:src\components\actionsOfLists\ApplicantListActions.tsx
FN:22,(anonymous_0)
FN:28,(anonymous_1)
FN:33,(anonymous_2)
FN:37,(anonymous_3)
FN:41,(anonymous_4)
FN:53,(anonymous_5)
FN:62,(anonymous_6)
FN:78,(anonymous_7)
FN:82,(anonymous_8)
FNF:9
FNH:0
FNDA:0,(anonymous_0)
FNDA:0,(anonymous_1)
FNDA:0,(anonymous_2)
FNDA:0,(anonymous_3)
FNDA:0,(anonymous_4)
FNDA:0,(anonymous_5)
FNDA:0,(anonymous_6)
FNDA:0,(anonymous_7)
FNDA:0,(anonymous_8)
DA:22,0
DA:23,0
DA:24,0
DA:25,0
DA:26,0
DA:27,0
DA:28,0
DA:29,0
DA:32,0
DA:33,0
DA:34,0
DA:37,0
DA:38,0
DA:41,0
DA:42,0
DA:43,0
DA:44,0
DA:46,0
DA:47,0
DA:49,0
DA:53,0
DA:54,0
DA:55,0
DA:56,0
DA:60,0
DA:62,0
DA:63,0
DA:64,0
DA:68,0
DA:70,0
DA:79,0
DA:82,0
LF:32
LH:0
BRDA:43,0,0,0
BRDA:46,1,0,0
BRDA:55,2,0,0
BRDA:63,3,0,0
BRDA:63,4,0,0
BRDA:63,4,1,0
BRDA:76,5,0,0
BRDA:76,5,1,0
BRDA:81,6,0,0
BRDA:81,6,1,0
BRDA:92,7,0,0
BRDA:92,7,1,0
BRF:12
BRH:0
end_of_record
TN:
SF:src\components\directComponents\AddExpenseForm.component.tsx
FN:65,(anonymous_0)
FN:79,(anonymous_1)
FN:84,(anonymous_2)
FN:100,(anonymous_3)
FN:104,(anonymous_4)
FN:142,(anonymous_5)
FN:206,(anonymous_6)
FN:270,(anonymous_7)
FN:277,(anonymous_8)
FN:282,(anonymous_9)
FN:286,(anonymous_10)
FN:289,(anonymous_11)
FN:292,(anonymous_12)
FN:297,(anonymous_13)
FN:305,(anonymous_14)
FN:307,(anonymous_15)
FN:309,(anonymous_16)
FN:311,(anonymous_17)
FN:317,(anonymous_18)
FN:319,(anonymous_19)
FN:321,(anonymous_20)
FN:329,(anonymous_21)
FN:336,(anonymous_22)
FN:347,(anonymous_23)
FN:358,(anonymous_24)
FN:369,(anonymous_25)
FN:382,(anonymous_26)
FN:383,(anonymous_27)
FN:385,(anonymous_28)
FN:386,(anonymous_29)
FN:387,(anonymous_30)
FN:390,(anonymous_31)
FN:397,(anonymous_32)
FN:408,(anonymous_33)
FN:419,(anonymous_34)
FN:430,(anonymous_35)
FN:443,(anonymous_36)
FN:522,(anonymous_37)
FN:545,(anonymous_38)
FN:596,(anonymous_39)
FN:602,(anonymous_40)
FN:608,(anonymous_41)
FN:616,(anonymous_42)
FN:625,(anonymous_43)
FN:627,(anonymous_44)
FN:631,(anonymous_45)
FN:641,(anonymous_46)
FN:643,(anonymous_47)
FN:653,(anonymous_48)
FN:661,(anonymous_49)
FN:664,(anonymous_50)
FN:671,(anonymous_51)
FN:679,(anonymous_52)
FN:682,(anonymous_53)
FN:689,(anonymous_54)
FN:697,(anonymous_55)
FN:700,(anonymous_56)
FN:711,(anonymous_57)
FN:726,(anonymous_58)
FN:742,(anonymous_59)
FN:747,(anonymous_60)
FN:755,(anonymous_61)
FN:758,(anonymous_62)
FN:782,(anonymous_63)
FN:788,(anonymous_64)
FN:801,(anonymous_65)
FN:828,(anonymous_66)
FN:834,(anonymous_67)
FN:846,(anonymous_68)
FN:879,(anonymous_69)
FN:887,(anonymous_70)
FN:914,(anonymous_71)
FN:952,(anonymous_72)
FN:973,(anonymous_73)
FN:979,(anonymous_74)
FN:991,(anonymous_75)
FN:1003,(anonymous_76)
FN:1021,(anonymous_77)
FN:1080,(anonymous_78)
FN:1086,(anonymous_79)
FN:1098,(anonymous_80)
FN:1128,(anonymous_81)
FN:1162,(anonymous_82)
FN:1189,(anonymous_83)
FN:1205,(anonymous_84)
FN:1210,(anonymous_85)
FN:1220,(anonymous_86)
FN:1248,(anonymous_87)
FN:1266,(anonymous_88)
FN:1287,(anonymous_89)
FN:1293,(anonymous_90)
FN:1305,(anonymous_91)
FN:1310,(anonymous_92)
FN:1345,(anonymous_93)
FN:1358,(anonymous_94)
FN:1364,(anonymous_95)
FN:1403,(anonymous_96)
FN:1417,(anonymous_97)
FN:1441,(anonymous_98)
FN:1453,(anonymous_99)
FN:1467,(anonymous_100)
FN:1473,(anonymous_101)
FN:1494,(anonymous_102)
FN:1499,(anonymous_103)
FN:1523,(anonymous_104)
FN:1546,(anonymous_105)
FNF:106
FNH:0
FNDA:0,(anonymous_0)
FNDA:0,(anonymous_1)
FNDA:0,(anonymous_2)
FNDA:0,(anonymous_3)
FNDA:0,(anonymous_4)
FNDA:0,(anonymous_5)
FNDA:0,(anonymous_6)
FNDA:0,(anonymous_7)
FNDA:0,(anonymous_8)
FNDA:0,(anonymous_9)
FNDA:0,(anonymous_10)
FNDA:0,(anonymous_11)
FNDA:0,(anonymous_12)
FNDA:0,(anonymous_13)
FNDA:0,(anonymous_14)
FNDA:0,(anonymous_15)
FNDA:0,(anonymous_16)
FNDA:0,(anonymous_17)
FNDA:0,(anonymous_18)
FNDA:0,(anonymous_19)
FNDA:0,(anonymous_20)
FNDA:0,(anonymous_21)
FNDA:0,(anonymous_22)
FNDA:0,(anonymous_23)
FNDA:0,(anonymous_24)
FNDA:0,(anonymous_25)
FNDA:0,(anonymous_26)
FNDA:0,(anonymous_27)
FNDA:0,(anonymous_28)
FNDA:0,(anonymous_29)
FNDA:0,(anonymous_30)
FNDA:0,(anonymous_31)
FNDA:0,(anonymous_32)
FNDA:0,(anonymous_33)
FNDA:0,(anonymous_34)
FNDA:0,(anonymous_35)
FNDA:0,(anonymous_36)
FNDA:0,(anonymous_37)
FNDA:0,(anonymous_38)
FNDA:0,(anonymous_39)
FNDA:0,(anonymous_40)
FNDA:0,(anonymous_41)
FNDA:0,(anonymous_42)
FNDA:0,(anonymous_43)
FNDA:0,(anonymous_44)
FNDA:0,(anonymous_45)
FNDA:0,(anonymous_46)
FNDA:0,(anonymous_47)
FNDA:0,(anonymous_48)
FNDA:0,(anonymous_49)
FNDA:0,(anonymous_50)
FNDA:0,(anonymous_51)
FNDA:0,(anonymous_52)
FNDA:0,(anonymous_53)
FNDA:0,(anonymous_54)
FNDA:0,(anonymous_55)
FNDA:0,(anonymous_56)
FNDA:0,(anonymous_57)
FNDA:0,(anonymous_58)
FNDA:0,(anonymous_59)
FNDA:0,(anonymous_60)
FNDA:0,(anonymous_61)
FNDA:0,(anonymous_62)
FNDA:0,(anonymous_63)
FNDA:0,(anonymous_64)
FNDA:0,(anonymous_65)
FNDA:0,(anonymous_66)
FNDA:0,(anonymous_67)
FNDA:0,(anonymous_68)
FNDA:0,(anonymous_69)
FNDA:0,(anonymous_70)
FNDA:0,(anonymous_71)
FNDA:0,(anonymous_72)
FNDA:0,(anonymous_73)
FNDA:0,(anonymous_74)
FNDA:0,(anonymous_75)
FNDA:0,(anonymous_76)
FNDA:0,(anonymous_77)
FNDA:0,(anonymous_78)
FNDA:0,(anonymous_79)
FNDA:0,(anonymous_80)
FNDA:0,(anonymous_81)
FNDA:0,(anonymous_82)
FNDA:0,(anonymous_83)
FNDA:0,(anonymous_84)
FNDA:0,(anonymous_85)
FNDA:0,(anonymous_86)
FNDA:0,(anonymous_87)
FNDA:0,(anonymous_88)
FNDA:0,(anonymous_89)
FNDA:0,(anonymous_90)
FNDA:0,(anonymous_91)
FNDA:0,(anonymous_92)
FNDA:0,(anonymous_93)
FNDA:0,(anonymous_94)
FNDA:0,(anonymous_95)
FNDA:0,(anonymous_96)
FNDA:0,(anonymous_97)
FNDA:0,(anonymous_98)
FNDA:0,(anonymous_99)
FNDA:0,(anonymous_100)
FNDA:0,(anonymous_101)
FNDA:0,(anonymous_102)
FNDA:0,(anonymous_103)
FNDA:0,(anonymous_104)
FNDA:0,(anonymous_105)
DA:65,0
DA:66,0
DA:67,0
DA:68,0
DA:71,0
DA:72,0
DA:76,0
DA:77,0
DA:78,0
DA:79,0
DA:80,0
DA:83,0
DA:84,0
DA:85,0
DA:89,0
DA:92,0
DA:93,0
DA:94,0
DA:99,0
DA:100,0
DA:101,0
DA:104,0
DA:109,0
DA:110,0
DA:111,0
DA:112,0
DA:115,0
DA:116,0
DA:117,0
DA:118,0
DA:119,0
DA:120,0
DA:121,0
DA:122,0
DA:123,0
DA:125,0
DA:126,0
DA:127,0
DA:128,0
DA:129,0
DA:130,0
DA:131,0
DA:132,0
DA:133,0
DA:135,0
DA:136,0
DA:142,0
DA:143,0
DA:144,0
DA:146,0
DA:147,0
DA:148,0
DA:150,0
DA:151,0
DA:153,0
DA:154,0
DA:156,0
DA:157,0
DA:159,0
DA:163,0
DA:165,0
DA:169,0
DA:171,0
DA:172,0
DA:174,0
DA:175,0
DA:176,0
DA:177,0
DA:179,0
DA:181,0
DA:182,0
DA:183,0
DA:184,0
DA:185,0
DA:187,0
DA:188,0
DA:189,0
DA:190,0
DA:191,0
DA:193,0
DA:194,0
DA:195,0
DA:197,0
DA:201,0
DA:202,0
DA:203,0
DA:204,0
DA:206,0
DA:207,0
DA:210,0
DA:211,0
DA:216,0
DA:217,0
DA:222,0
DA:223,0
DA:228,0
DA:230,0
DA:231,0
DA:232,0
DA:233,0
DA:234,0
DA:236,0
DA:237,0
DA:238,0
DA:239,0
DA:240,0
DA:243,0
DA:244,0
DA:245,0
DA:246,0
DA:247,0
DA:250,0
DA:251,0
DA:252,0
DA:253,0
DA:255,0
DA:256,0
DA:260,0
DA:262,0
DA:265,0
DA:266,0
DA:270,0
DA:271,0
DA:272,0
DA:274,0
DA:277,0
DA:278,0
DA:279,0
DA:280,0
DA:281,0
DA:282,0
DA:286,0
DA:287,0
DA:288,0
DA:289,0
DA:291,0
DA:292,0
DA:297,0
DA:305,0
DA:306,0
DA:307,0
DA:309,0
DA:311,0
DA:312,0
DA:313,0
DA:314,0
DA:317,0
DA:319,0
DA:321,0
DA:322,0
DA:323,0
DA:324,0
DA:329,0
DA:332,0
DA:333,0
DA:335,0
DA:336,0
DA:337,0
DA:338,0
DA:341,0
DA:346,0
DA:347,0
DA:348,0
DA:349,0
DA:352,0
DA:357,0
DA:358,0
DA:359,0
DA:360,0
DA:363,0
DA:369,0
DA:376,0
DA:381,0
DA:382,0
DA:383,0
DA:385,0
DA:386,0
DA:387,0
DA:390,0
DA:393,0
DA:394,0
DA:396,0
DA:397,0
DA:398,0
DA:399,0
DA:402,0
DA:407,0
DA:408,0
DA:409,0
DA:410,0
DA:413,0
DA:418,0
DA:419,0
DA:420,0
DA:421,0
DA:424,0
DA:430,0
DA:431,0
DA:432,0
DA:435,0
DA:443,0
DA:446,0
DA:447,0
DA:449,0
DA:450,0
DA:454,0
DA:456,0
DA:460,0
DA:462,0
DA:466,0
DA:468,0
DA:472,0
DA:474,0
DA:478,0
DA:480,0
DA:484,0
DA:486,0
DA:490,0
DA:493,0
DA:494,0
DA:495,0
DA:496,0
DA:499,0
DA:501,0
DA:502,0
DA:503,0
DA:504,0
DA:505,0
DA:507,0
DA:508,0
DA:509,0
DA:510,0
DA:511,0
DA:513,0
DA:514,0
DA:517,0
DA:522,0
DA:523,0
DA:526,0
DA:527,0
DA:532,0
DA:533,0
DA:538,0
DA:539,0
DA:544,0
DA:545,0
DA:546,0
DA:550,0
DA:551,0
DA:552,0
DA:553,0
DA:554,0
DA:555,0
DA:556,0
DA:558,0
DA:559,0
DA:560,0
DA:561,0
DA:562,0
DA:565,0
DA:566,0
DA:567,0
DA:568,0
DA:569,0
DA:572,0
DA:573,0
DA:574,0
DA:575,0
DA:577,0
DA:578,0
DA:582,0
DA:584,0
DA:587,0
DA:588,0
DA:592,0
DA:593,0
DA:594,0
DA:596,0
DA:597,0
DA:598,0
DA:599,0
DA:602,0
DA:603,0
DA:604,0
DA:605,0
DA:608,0
DA:609,0
DA:610,0
DA:611,0
DA:615,0
DA:616,0
DA:617,0
DA:622,0
DA:625,0
DA:626,0
DA:627,0
DA:631,0
DA:637,0
DA:641,0
DA:642,0
DA:643,0
DA:652,0
DA:653,0
DA:654,0
DA:658,0
DA:661,0
DA:662,0
DA:664,0
DA:665,0
DA:670,0
DA:671,0
DA:672,0
DA:676,0
DA:679,0
DA:680,0
DA:682,0
DA:683,0
DA:688,0
DA:689,0
DA:690,0
DA:694,0
DA:697,0
DA:698,0
DA:700,0
DA:701,0
DA:706,0
DA:708,0
DA:710,0
DA:711,0
DA:715,0
DA:716,0
DA:717,0
DA:718,0
DA:720,0
DA:723,0
DA:724,0
DA:725,0
DA:726,0
DA:727,0
DA:728,0
DA:731,0
DA:732,0
DA:736,0
DA:742,0
DA:743,0
DA:744,0
DA:747,0
DA:748,0
DA:749,0
DA:750,0
DA:751,0
DA:755,0
DA:756,0
DA:758,0
DA:759,0
DA:761,0
DA:783,0
DA:784,0
DA:789,0
DA:790,0
DA:802,0
DA:829,0
DA:830,0
DA:835,0
DA:836,0
DA:847,0
DA:880,0
DA:881,0
DA:888,0
DA:915,0
DA:916,0
DA:953,0
DA:954,0
DA:973,0
DA:980,0
DA:992,0
DA:993,0
DA:994,0
DA:999,0
DA:1004,0
DA:1022,0
DA:1023,0
DA:1081,0
DA:1082,0
DA:1087,0
DA:1088,0
DA:1099,0
DA:1129,0
DA:1130,0
DA:1132,0
DA:1133,0
DA:1134,0
DA:1163,0
DA:1164,0
DA:1190,0
DA:1191,0
DA:1205,0
DA:1210,0
DA:1221,0
DA:1222,0
DA:1224,0
DA:1229,0
DA:1230,0
DA:1234,0
DA:1243,0
DA:1244,0
DA:1249,0
DA:1267,0
DA:1268,0
DA:1287,0
DA:1294,0
DA:1306,0
DA:1307,0
DA:1311,0
DA:1346,0
DA:1347,0
DA:1359,0
DA:1364,0
DA:1404,0
DA:1405,0
DA:1418,0
DA:1442,0
DA:1454,0
DA:1468,0
DA:1473,0
DA:1495,0
DA:1500,0
DA:1501,0
DA:1524,0
DA:1525,0
DA:1547,0
DA:1548,0
LF:432
LH:0
BRDA:89,0,0,0
BRDA:89,0,1,0
BRDA:89,1,0,0
BRDA:89,1,1,0
BRDA:89,1,2,0
BRDA:90,2,0,0
BRDA:90,2,1,0
BRDA:126,3,0,0
BRDA:128,4,0,0
BRDA:128,4,1,0
BRDA:131,5,0,0
BRDA:131,5,1,0
BRDA:144,6,0,0
BRDA:144,6,1,0
BRDA:147,7,0,0
BRDA:150,8,0,0
BRDA:150,9,0,0
BRDA:150,9,1,0
BRDA:153,10,0,0
BRDA:153,11,0,0
BRDA:153,11,1,0
BRDA:156,12,0,0
BRDA:156,13,0,0
BRDA:156,13,1,0
BRDA:159,14,0,0
BRDA:160,15,0,0
BRDA:160,15,1,0
BRDA:165,16,0,0
BRDA:166,17,0,0
BRDA:166,17,1,0
BRDA:171,18,0,0
BRDA:171,19,0,0
BRDA:171,19,1,0
BRDA:174,20,0,0
BRDA:184,21,0,0
BRDA:190,22,0,0
BRDA:194,23,0,0
BRDA:194,23,1,0
BRDA:201,24,0,0
BRDA:201,25,0,0
BRDA:201,25,1,0
BRDA:201,25,2,0
BRDA:202,26,0,0
BRDA:210,27,0,0
BRDA:216,28,0,0
BRDA:222,29,0,0
BRDA:236,30,0,0
BRDA:238,31,0,0
BRDA:239,32,0,0
BRDA:239,32,1,0
BRDA:244,33,0,0
BRDA:244,33,1,0
BRDA:246,34,0,0
BRDA:246,34,1,0
BRDA:251,35,0,0
BRDA:251,35,1,0
BRDA:280,36,0,0
BRDA:280,37,0,0
BRDA:280,37,1,0
BRDA:287,38,0,0
BRDA:287,39,0,0
BRDA:287,39,1,0
BRDA:291,40,0,0
BRDA:291,40,1,0
BRDA:294,41,0,0
BRDA:294,41,1,0
BRDA:299,42,0,0
BRDA:299,42,1,0
BRDA:306,43,0,0
BRDA:306,43,1,0
BRDA:309,44,0,0
BRDA:309,44,1,0
BRDA:319,45,0,0
BRDA:319,45,1,0
BRDA:335,46,0,0
BRDA:335,46,1,0
BRDA:335,47,0,0
BRDA:335,47,1,0
BRDA:337,48,0,0
BRDA:346,49,0,0
BRDA:346,49,1,0
BRDA:346,50,0,0
BRDA:346,50,1,0
BRDA:348,51,0,0
BRDA:357,52,0,0
BRDA:357,52,1,0
BRDA:357,53,0,0
BRDA:357,53,1,0
BRDA:359,54,0,0
BRDA:396,55,0,0
BRDA:396,55,1,0
BRDA:396,56,0,0
BRDA:396,56,1,0
BRDA:398,57,0,0
BRDA:407,58,0,0
BRDA:407,58,1,0
BRDA:409,59,0,0
BRDA:418,60,0,0
BRDA:418,60,1,0
BRDA:418,61,0,0
BRDA:418,61,1,0
BRDA:420,62,0,0
BRDA:431,63,0,0
BRDA:447,64,0,0
BRDA:447,64,1,0
BRDA:447,65,0,0
BRDA:447,65,1,0
BRDA:450,66,0,0
BRDA:451,67,0,0
BRDA:451,67,1,0
BRDA:456,68,0,0
BRDA:457,69,0,0
BRDA:457,69,1,0
BRDA:462,70,0,0
BRDA:463,71,0,0
BRDA:463,71,1,0
BRDA:468,72,0,0
BRDA:469,73,0,0
BRDA:469,73,1,0
BRDA:474,74,0,0
BRDA:475,75,0,0
BRDA:475,75,1,0
BRDA:480,76,0,0
BRDA:481,77,0,0
BRDA:481,77,1,0
BRDA:486,78,0,0
BRDA:487,79,0,0
BRDA:487,79,1,0
BRDA:493,80,0,0
BRDA:504,81,0,0
BRDA:510,82,0,0
BRDA:517,83,0,0
BRDA:518,84,0,0
BRDA:518,84,1,0
BRDA:518,84,2,0
BRDA:526,85,0,0
BRDA:532,86,0,0
BRDA:538,87,0,0
BRDA:544,88,0,0
BRDA:555,89,0,0
BRDA:555,89,1,0
BRDA:558,90,0,0
BRDA:560,91,0,0
BRDA:561,92,0,0
BRDA:561,92,1,0
BRDA:566,93,0,0
BRDA:566,93,1,0
BRDA:568,94,0,0
BRDA:568,94,1,0
BRDA:573,95,0,0
BRDA:573,95,1,0
BRDA:617,96,0,0
BRDA:617,96,1,0
BRDA:618,97,0,0
BRDA:618,97,1,0
BRDA:623,98,0,0
BRDA:623,98,1,0
BRDA:654,99,0,0
BRDA:655,100,0,0
BRDA:655,100,1,0
BRDA:672,101,0,0
BRDA:673,102,0,0
BRDA:673,102,1,0
BRDA:690,103,0,0
BRDA:691,104,0,0
BRDA:691,104,1,0
BRDA:715,105,0,0
BRDA:715,105,1,0
BRDA:717,106,0,0
BRDA:717,106,1,0
BRDA:727,107,0,0
BRDA:727,108,0,0
BRDA:727,108,1,0
BRDA:731,109,0,0
BRDA:731,110,0,0
BRDA:731,110,1,0
BRDA:743,111,0,0
BRDA:748,112,0,0
BRDA:748,113,0,0
BRDA:748,113,1,0
BRDA:748,113,2,0
BRDA:749,114,0,0
BRDA:749,114,1,0
BRDA:750,115,0,0
BRDA:750,115,1,0
BRDA:751,116,0,0
BRDA:751,116,1,0
BRDA:764,117,0,0
BRDA:764,117,1,0
BRDA:774,118,0,0
BRDA:774,118,1,0
BRDA:784,119,0,0
BRDA:784,119,1,0
BRDA:789,120,0,0
BRDA:795,121,0,0
BRDA:795,121,1,0
BRDA:795,122,0,0
BRDA:795,122,1,0
BRDA:806,123,0,0
BRDA:806,123,1,0
BRDA:806,123,2,0
BRDA:820,124,0,0
BRDA:820,124,1,0
BRDA:830,125,0,0
BRDA:830,125,1,0
BRDA:835,126,0,0
BRDA:841,127,0,0
BRDA:841,127,1,0
BRDA:841,128,0,0
BRDA:841,128,1,0
BRDA:851,129,0,0
BRDA:851,129,1,0
BRDA:851,129,2,0
BRDA:865,130,0,0
BRDA:865,130,1,0
BRDA:873,131,0,0
BRDA:873,131,1,0
BRDA:873,131,2,0
BRDA:877,132,0,0
BRDA:877,132,1,0
BRDA:880,133,0,0
BRDA:892,134,0,0
BRDA:892,134,1,0
BRDA:892,134,2,0
BRDA:904,135,0,0
BRDA:904,135,1,0
BRDA:912,136,0,0
BRDA:912,136,1,0
BRDA:915,137,0,0
BRDA:919,138,0,0
BRDA:919,138,1,0
BRDA:925,139,0,0
BRDA:925,139,1,0
BRDA:925,139,2,0
BRDA:934,140,0,0
BRDA:934,140,1,0
BRDA:934,140,2,0
BRDA:950,141,0,0
BRDA:950,141,1,0
BRDA:953,142,0,0
BRDA:958,143,0,0
BRDA:958,143,1,0
BRDA:963,144,0,0
BRDA:963,144,1,0
BRDA:965,145,0,0
BRDA:965,145,1,0
BRDA:967,146,0,0
BRDA:967,146,1,0
BRDA:967,147,0,0
BRDA:967,147,1,0
BRDA:967,147,2,0
BRDA:980,148,0,0
BRDA:980,148,1,0
BRDA:986,149,0,0
BRDA:986,149,1,0
BRDA:989,150,0,0
BRDA:989,150,1,0
BRDA:994,151,0,0
BRDA:995,152,0,0
BRDA:995,152,1,0
BRDA:995,152,2,0
BRDA:1002,153,0,0
BRDA:1002,153,1,0
BRDA:1014,154,0,0
BRDA:1014,154,1,0
BRDA:1019,155,0,0
BRDA:1019,155,1,0
BRDA:1022,156,0,0
BRDA:1028,157,0,0
BRDA:1028,157,1,0
BRDA:1029,158,0,0
BRDA:1029,158,1,0
BRDA:1030,159,0,0
BRDA:1030,159,1,0
BRDA:1034,160,0,0
BRDA:1034,160,1,0
BRDA:1035,161,0,0
BRDA:1035,161,1,0
BRDA:1035,162,0,0
BRDA:1035,162,1,0
BRDA:1039,163,0,0
BRDA:1039,163,1,0
BRDA:1050,164,0,0
BRDA:1050,164,1,0
BRDA:1057,165,0,0
BRDA:1057,165,1,0
BRDA:1058,166,0,0
BRDA:1058,166,1,0
BRDA:1058,167,0,0
BRDA:1058,167,1,0
BRDA:1072,168,0,0
BRDA:1072,168,1,0
BRDA:1082,169,0,0
BRDA:1082,169,1,0
BRDA:1087,170,0,0
BRDA:1093,171,0,0
BRDA:1093,171,1,0
BRDA:1093,172,0,0
BRDA:1093,172,1,0
BRDA:1103,173,0,0
BRDA:1103,173,1,0
BRDA:1103,173,2,0
BRDA:1117,174,0,0
BRDA:1117,174,1,0
BRDA:1122,175,0,0
BRDA:1122,175,1,0
BRDA:1126,176,0,0
BRDA:1126,176,1,0
BRDA:1129,177,0,0
BRDA:1129,177,1,0
BRDA:1133,178,0,0
BRDA:1144,179,0,0
BRDA:1144,179,1,0
BRDA:1149,180,0,0
BRDA:1149,180,1,0
BRDA:1155,181,0,0
BRDA:1155,181,1,0
BRDA:1160,182,0,0
BRDA:1160,182,1,0
BRDA:1163,183,0,0
BRDA:1168,184,0,0
BRDA:1168,184,1,0
BRDA:1170,185,0,0
BRDA:1170,185,1,0
BRDA:1174,186,0,0
BRDA:1174,186,1,0
BRDA:1180,187,0,0
BRDA:1180,187,1,0
BRDA:1190,188,0,0
BRDA:1194,189,0,0
BRDA:1194,189,1,0
BRDA:1197,190,0,0
BRDA:1197,190,1,0
BRDA:1199,191,0,0
BRDA:1199,191,1,0
BRDA:1199,192,0,0
BRDA:1199,192,1,0
BRDA:1201,193,0,0
BRDA:1201,193,1,0
BRDA:1201,194,0,0
BRDA:1201,194,1,0
BRDA:1215,195,0,0
BRDA:1215,195,1,0
BRDA:1224,196,0,0
BRDA:1225,197,0,0
BRDA:1225,197,1,0
BRDA:1225,197,2,0
BRDA:1234,198,0,0
BRDA:1235,199,0,0
BRDA:1235,199,1,0
BRDA:1235,199,2,0
BRDA:1235,199,3,0
BRDA:1247,200,0,0
BRDA:1247,200,1,0
BRDA:1264,201,0,0
BRDA:1264,201,1,0
BRDA:1267,202,0,0
BRDA:1272,203,0,0
BRDA:1272,203,1,0
BRDA:1277,204,0,0
BRDA:1277,204,1,0
BRDA:1279,205,0,0
BRDA:1279,205,1,0
BRDA:1281,206,0,0
BRDA:1281,206,1,0
BRDA:1281,207,0,0
BRDA:1281,207,1,0
BRDA:1281,207,2,0
BRDA:1294,208,0,0
BRDA:1294,208,1,0
BRDA:1300,209,0,0
BRDA:1300,209,1,0
BRDA:1303,210,0,0
BRDA:1303,210,1,0
BRDA:1309,211,0,0
BRDA:1309,211,1,0
BRDA:1318,212,0,0
BRDA:1318,212,1,0
BRDA:1337,213,0,0
BRDA:1337,213,1,0
BRDA:1346,214,0,0
BRDA:1356,215,0,0
BRDA:1356,215,1,0
BRDA:1376,216,0,0
BRDA:1376,216,1,0
BRDA:1395,217,0,0
BRDA:1395,217,1,0
BRDA:1404,218,0,0
BRDA:1413,219,0,0
BRDA:1413,219,1,0
BRDA:1413,219,2,0
BRDA:1413,219,3,0
BRDA:1422,220,0,0
BRDA:1422,220,1,0
BRDA:1426,221,0,0
BRDA:1426,221,1,0
BRDA:1433,222,0,0
BRDA:1433,222,1,0
BRDA:1438,223,0,0
BRDA:1438,223,1,0
BRDA:1457,224,0,0
BRDA:1457,224,1,0
BRDA:1465,225,0,0
BRDA:1465,225,1,0
BRDA:1490,226,0,0
BRDA:1490,226,1,0
BRDA:1490,226,2,0
BRDA:1490,226,3,0
BRDA:1497,227,0,0
BRDA:1497,227,1,0
BRDA:1525,228,0,0
BRDA:1525,228,1,0
BRDA:1532,229,0,0
BRDA:1532,229,1,0
BRDA:1536,230,0,0
BRDA:1536,230,1,0
BRDA:1536,231,0,0
BRDA:1536,231,1,0
BRDA:1536,231,2,0
BRDA:1542,232,0,0
BRDA:1542,232,1,0
BRDA:1542,233,0,0
BRDA:1542,233,1,0
BRDA:1548,234,0,0
BRDA:1548,234,1,0
BRDA:1558,235,0,0
BRDA:1558,235,1,0
BRDA:1566,236,0,0
BRDA:1566,236,1,0
BRDA:1574,237,0,0
BRDA:1574,237,1,0
BRDA:1575,238,0,0
BRDA:1575,238,1,0
BRDA:1575,239,0,0
BRDA:1575,239,1,0
BRDA:1580,240,0,0
BRDA:1580,240,1,0
BRDA:1580,240,2,0
BRDA:1580,240,3,0
BRDA:1595,241,0,0
BRDA:1595,241,1,0
BRDA:1597,242,0,0
BRDA:1597,242,1,0
BRF:443
BRH:0
end_of_record
TN:
SF:src\components\directComponents\AddInventoryForm.component.tsx
FN:29,(anonymous_0)
FN:36,(anonymous_1)
FN:40,(anonymous_2)
FN:46,(anonymous_3)
FN:56,(anonymous_4)
FN:63,(anonymous_5)
FN:70,(anonymous_6)
FN:99,(anonymous_7)
FN:100,(anonymous_8)
FN:109,(anonymous_9)
FN:113,(anonymous_10)
FN:116,(anonymous_11)
FN:139,(anonymous_12)
FN:228,(anonymous_13)
FN:234,(anonymous_14)
FN:242,(anonymous_15)
FN:245,(anonymous_16)
FN:254,(anonymous_17)
FN:271,(anonymous_18)
FN:304,(anonymous_19)
FN:393,(anonymous_20)
FNF:21
FNH:0
FNDA:0,(anonymous_0)
FNDA:0,(anonymous_1)
FNDA:0,(anonymous_2)
FNDA:0,(anonymous_3)
FNDA:0,(anonymous_4)
FNDA:0,(anonymous_5)
FNDA:0,(anonymous_6)
FNDA:0,(anonymous_7)
FNDA:0,(anonymous_8)
FNDA:0,(anonymous_9)
FNDA:0,(anonymous_10)
FNDA:0,(anonymous_11)
FNDA:0,(anonymous_12)
FNDA:0,(anonymous_13)
FNDA:0,(anonymous_14)
FNDA:0,(anonymous_15)
FNDA:0,(anonymous_16)
FNDA:0,(anonymous_17)
FNDA:0,(anonymous_18)
FNDA:0,(anonymous_19)
FNDA:0,(anonymous_20)
DA:29,0
DA:30,0
DA:31,0
DA:32,0
DA:33,0
DA:34,0
DA:36,0
DA:37,0
DA:40,0
DA:41,0
DA:44,0
DA:46,0
DA:47,0
DA:52,0
DA:55,0
DA:56,0
DA:59,0
DA:60,0
DA:61,0
DA:63,0
DA:70,0
DA:71,0
DA:72,0
DA:73,0
DA:74,0
DA:82,0
DA:83,0
DA:84,0
DA:86,0
DA:90,0
DA:92,0
DA:94,0
DA:95,0
DA:99,0
DA:100,0
DA:101,0
DA:105,0
DA:108,0
DA:109,0
DA:110,0
DA:113,0
DA:114,0
DA:116,0
DA:117,0
DA:120,0
DA:121,0
DA:140,0
DA:228,0
DA:234,0
DA:243,0
DA:244,0
DA:245,0
DA:250,0
DA:272,0
DA:273,0
DA:279,0
DA:281,0
DA:282,0
DA:305,0
DA:394,0
DA:395,0
DA:399,0
DA:401,0
DA:402,0
LF:64
LH:0
BRDA:60,0,0,0
BRDA:60,0,1,0
BRDA:61,1,0,0
BRDA:61,1,1,0
BRDA:86,2,0,0
BRDA:86,2,1,0
BRDA:87,3,0,0
BRDA:87,3,1,0
BRDA:101,4,0,0
BRDA:102,5,0,0
BRDA:102,5,1,0
BRDA:146,6,0,0
BRDA:146,6,1,0
BRDA:227,7,0,0
BRDA:227,7,1,0
BRDA:239,8,0,0
BRDA:239,8,1,0
BRDA:243,9,0,0
BRDA:273,10,0,0
BRDA:274,11,0,0
BRDA:274,11,1,0
BRDA:274,11,2,0
BRDA:274,11,3,0
BRDA:281,12,0,0
BRDA:332,13,0,0
BRDA:332,13,1,0
BRDA:342,14,0,0
BRDA:342,14,1,0
BRDA:347,15,0,0
BRDA:347,15,1,0
BRDA:347,15,2,0
BRDA:347,15,3,0
BRDA:347,15,4,0
BRDA:347,15,5,0
BRDA:347,15,6,0
BRDA:347,15,7,0
BRDA:370,16,0,0
BRDA:370,16,1,0
BRDA:380,17,0,0
BRDA:380,17,1,0
BRDA:395,18,0,0
BRDA:396,19,0,0
BRDA:396,19,1,0
BRDA:401,20,0,0
BRDA:440,21,0,0
BRDA:440,21,1,0
BRDA:448,22,0,0
BRDA:448,22,1,0
BRF:48
BRH:0
end_of_record
TN:
SF:src\components\directComponents\AddNewApplicant.component.tsx
FN:39,(anonymous_0)
FN:42,(anonymous_1)
FN:49,(anonymous_2)
FN:56,(anonymous_3)
FN:64,(anonymous_4)
FN:77,(anonymous_5)
FN:81,(anonymous_6)
FN:87,(anonymous_7)
FN:150,(anonymous_8)
FN:151,(anonymous_9)
FN:194,(anonymous_10)
FN:220,(anonymous_11)
FN:249,(anonymous_12)
FN:292,(anonymous_13)
FN:299,(anonymous_14)
FN:313,(anonymous_15)
FN:320,(anonymous_16)
FN:356,(anonymous_17)
FN:359,(anonymous_18)
FN:375,(anonymous_19)
FNF:20
FNH:0
FNDA:0,(anonymous_0)
FNDA:0,(anonymous_1)
FNDA:0,(anonymous_2)
FNDA:0,(anonymous_3)
FNDA:0,(anonymous_4)
FNDA:0,(anonymous_5)
FNDA:0,(anonymous_6)
FNDA:0,(anonymous_7)
FNDA:0,(anonymous_8)
FNDA:0,(anonymous_9)
FNDA:0,(anonymous_10)
FNDA:0,(anonymous_11)
FNDA:0,(anonymous_12)
FNDA:0,(anonymous_13)
FNDA:0,(anonymous_14)
FNDA:0,(anonymous_15)
FNDA:0,(anonymous_16)
FNDA:0,(anonymous_17)
FNDA:0,(anonymous_18)
FNDA:0,(anonymous_19)
DA:39,0
DA:40,0
DA:41,0
DA:42,0
DA:43,0
DA:46,0
DA:47,0
DA:49,0
DA:50,0
DA:51,0
DA:53,0
DA:56,0
DA:57,0
DA:58,0
DA:59,0
DA:60,0
DA:61,0
DA:64,0
DA:65,0
DA:68,0
DA:77,0
DA:80,0
DA:81,0
DA:87,0
DA:88,0
DA:90,0
DA:99,0
DA:100,0
DA:103,0
DA:107,0
DA:108,0
DA:110,0
DA:114,0
DA:115,0
DA:117,0
DA:118,0
DA:119,0
DA:120,0
DA:121,0
DA:122,0
DA:123,0
DA:124,0
DA:128,0
DA:129,0
DA:131,0
DA:132,0
DA:134,0
DA:136,0
DA:137,0
DA:138,0
DA:140,0
DA:143,0
DA:145,0
DA:148,0
DA:149,0
DA:150,0
DA:151,0
DA:152,0
DA:153,0
DA:154,0
DA:155,0
DA:157,0
DA:159,0
DA:162,0
DA:165,0
DA:195,0
DA:196,0
DA:198,0
DA:199,0
DA:200,0
DA:221,0
DA:222,0
DA:224,0
DA:225,0
DA:226,0
DA:250,0
DA:251,0
DA:253,0
DA:254,0
DA:255,0
DA:293,0
DA:294,0
DA:300,0
DA:314,0
DA:315,0
DA:321,0
DA:357,0
DA:360,0
DA:361,0
DA:375,0
LF:90
LH:0
BRDA:59,0,0,0
BRDA:59,1,0,0
BRDA:59,1,1,0
BRDA:90,2,0,0
BRDA:91,3,0,0
BRDA:91,3,1,0
BRDA:91,3,2,0
BRDA:91,3,3,0
BRDA:91,3,4,0
BRDA:91,3,5,0
BRDA:91,3,6,0
BRDA:103,4,0,0
BRDA:104,5,0,0
BRDA:104,5,1,0
BRDA:110,6,0,0
BRDA:111,7,0,0
BRDA:111,7,1,0
BRDA:131,8,0,0
BRDA:131,8,1,0
BRDA:136,9,0,0
BRDA:136,9,1,0
BRDA:167,10,0,0
BRDA:167,10,1,0
BRDA:176,11,0,0
BRDA:176,11,1,0
BRDA:195,12,0,0
BRDA:195,12,1,0
BRDA:199,13,0,0
BRDA:221,14,0,0
BRDA:221,14,1,0
BRDA:225,15,0,0
BRDA:250,16,0,0
BRDA:250,16,1,0
BRDA:254,17,0,0
BRDA:293,18,0,0
BRDA:314,19,0,0
BRDA:360,20,0,0
BRDA:370,21,0,0
BRDA:370,21,1,0
BRDA:382,22,0,0
BRDA:382,22,1,0
BRDA:382,22,2,0
BRDA:382,22,3,0
BRDA:389,23,0,0
BRDA:389,23,1,0
BRDA:395,24,0,0
BRDA:395,24,1,0
BRF:47
BRH:0
end_of_record
TN:
SF:src\components\directComponents\AddRoles.component.tsx
FN:38,(anonymous_0)
FN:50,(anonymous_1)
FN:58,(anonymous_2)
FN:60,(anonymous_3)
FN:61,(anonymous_4)
FN:63,(anonymous_5)
FN:64,(anonymous_6)
FN:70,(anonymous_7)
FN:83,(anonymous_8)
FN:85,(anonymous_9)
FN:91,(anonymous_10)
FN:98,(anonymous_11)
FN:99,(anonymous_12)
FN:104,(anonymous_13)
FN:105,(anonymous_14)
FN:111,(anonymous_15)
FN:119,(anonymous_16)
FN:133,(anonymous_17)
FN:137,(anonymous_18)
FN:171,(anonymous_19)
FN:182,(anonymous_20)
FN:188,(anonymous_21)
FN:199,(anonymous_22)
FN:207,(anonymous_23)
FN:217,(anonymous_24)
FN:218,(anonymous_25)
FN:222,(anonymous_26)
FN:231,(anonymous_27)
FN:241,(anonymous_28)
FNF:29
FNH:0
FNDA:0,(anonymous_0)
FNDA:0,(anonymous_1)
FNDA:0,(anonymous_2)
FNDA:0,(anonymous_3)
FNDA:0,(anonymous_4)
FNDA:0,(anonymous_5)
FNDA:0,(anonymous_6)
FNDA:0,(anonymous_7)
FNDA:0,(anonymous_8)
FNDA:0,(anonymous_9)
FNDA:0,(anonymous_10)
FNDA:0,(anonymous_11)
FNDA:0,(anonymous_12)
FNDA:0,(anonymous_13)
FNDA:0,(anonymous_14)
FNDA:0,(anonymous_15)
FNDA:0,(anonymous_16)
FNDA:0,(anonymous_17)
FNDA:0,(anonymous_18)
FNDA:0,(anonymous_19)
FNDA:0,(anonymous_20)
FNDA:0,(anonymous_21)
FNDA:0,(anonymous_22)
FNDA:0,(anonymous_23)
FNDA:0,(anonymous_24)
FNDA:0,(anonymous_25)
FNDA:0,(anonymous_26)
FNDA:0,(anonymous_27)
FNDA:0,(anonymous_28)
DA:38,0
DA:44,0
DA:45,0
DA:46,0
DA:47,0
DA:48,0
DA:50,0
DA:51,0
DA:52,0
DA:53,0
DA:54,0
DA:56,0
DA:57,0
DA:58,0
DA:61,0
DA:62,0
DA:63,0
DA:64,0
DA:70,0
DA:71,0
DA:79,0
DA:83,0
DA:84,0
DA:85,0
DA:87,0
DA:91,0
DA:95,0
DA:96,0
DA:98,0
DA:99,0
DA:101,0
DA:103,0
DA:105,0
DA:107,0
DA:111,0
DA:112,0
DA:113,0
DA:118,0
DA:120,0
DA:121,0
DA:122,0
DA:124,0
DA:126,0
DA:127,0
DA:128,0
DA:134,0
DA:135,0
DA:138,0
DA:139,0
DA:140,0
DA:141,0
DA:143,0
DA:149,0
DA:171,0
DA:182,0
DA:189,0
DA:200,0
DA:208,0
DA:217,0
DA:219,0
DA:223,0
DA:232,0
DA:242,0
LF:63
LH:0
BRDA:51,0,0,0
BRDA:51,0,1,0
BRDA:53,1,0,0
BRDA:53,1,1,0
BRDA:71,2,0,0
BRDA:72,3,0,0
BRDA:72,3,1,0
BRDA:72,3,2,0
BRDA:72,3,3,0
BRDA:84,4,0,0
BRDA:84,4,1,0
BRDA:95,5,0,0
BRDA:95,5,1,0
BRDA:114,6,0,0
BRDA:114,6,1,0
BRDA:114,7,0,0
BRDA:114,7,1,0
BRDA:121,8,0,0
BRDA:121,8,1,0
BRDA:135,9,0,0
BRDA:135,9,1,0
BRDA:139,10,0,0
BRDA:158,11,0,0
BRDA:158,11,1,0
BRDA:210,12,0,0
BRDA:210,12,1,0
BRDA:215,13,0,0
BRDA:215,13,1,0
BRDA:238,14,0,0
BRDA:238,14,1,0
BRDA:245,15,0,0
BRDA:245,15,1,0
BRDA:262,16,0,0
BRDA:262,16,1,0
BRDA:264,17,0,0
BRDA:264,17,1,0
BRF:36
BRH:0
end_of_record
TN:
SF:src\components\directComponents\ApplicantsList.component.tsx
FN:29,(anonymous_0)
FN:33,(anonymous_1)
FN:35,(anonymous_2)
FN:52,(anonymous_3)
FN:55,(anonymous_4)
FN:112,(anonymous_5)
FN:114,(anonymous_6)
FN:151,(anonymous_7)
FN:189,(anonymous_8)
FN:197,(anonymous_9)
FN:199,(anonymous_10)
FNF:11
FNH:0
FNDA:0,(anonymous_0)
FNDA:0,(anonymous_1)
FNDA:0,(anonymous_2)
FNDA:0,(anonymous_3)
FNDA:0,(anonymous_4)
FNDA:0,(anonymous_5)
FNDA:0,(anonymous_6)
FNDA:0,(anonymous_7)
FNDA:0,(anonymous_8)
FNDA:0,(anonymous_9)
FNDA:0,(anonymous_10)
DA:29,0
DA:30,0
DA:31,0
DA:32,0
DA:34,0
DA:36,0
DA:52,0
DA:53,0
DA:54,0
DA:56,0
DA:57,0
DA:58,0
DA:60,0
DA:61,0
DA:65,0
DA:66,0
DA:69,0
DA:71,0
DA:72,0
DA:73,0
DA:74,0
DA:75,0
DA:76,0
DA:77,0
DA:86,0
DA:90,0
DA:113,0
DA:115,0
DA:152,0
DA:190,0
DA:198,0
DA:200,0
LF:32
LH:0
BRDA:33,0,0,0
BRDA:33,0,1,0
BRDA:60,1,0,0
BRDA:65,2,0,0
BRDA:65,3,0,0
BRDA:65,3,1,0
BRDA:92,4,0,0
BRDA:92,4,1,0
BRDA:125,5,0,0
BRDA:125,5,1,0
BRDA:129,6,0,0
BRDA:129,6,1,0
BRDA:141,7,0,0
BRDA:141,7,1,0
BRDA:145,8,0,0
BRDA:145,8,1,0
BRDA:150,9,0,0
BRDA:150,9,1,0
BRDA:159,10,0,0
BRDA:159,10,1,0
BRDA:161,11,0,0
BRDA:161,11,1,0
BRDA:196,12,0,0
BRDA:196,12,1,0
BRDA:196,13,0,0
BRDA:196,13,1,0
BRF:26
BRH:0
end_of_record
TN:
SF:src\components\directComponents\CopyPasswordPopup.component.tsx
FN:21,(anonymous_0)
FN:23,(anonymous_1)
FN:27,(anonymous_2)
FN:42,(anonymous_3)
FN:46,(anonymous_4)
FN:49,(anonymous_5)
FN:67,(anonymous_6)
FN:77,(anonymous_7)
FNF:8
FNH:0
FNDA:0,(anonymous_0)
FNDA:0,(anonymous_1)
FNDA:0,(anonymous_2)
FNDA:0,(anonymous_3)
FNDA:0,(anonymous_4)
FNDA:0,(anonymous_5)
FNDA:0,(anonymous_6)
FNDA:0,(anonymous_7)
DA:21,0
DA:22,0
DA:23,0
DA:24,0
DA:26,0
DA:27,0
DA:28,0
DA:29,0
DA:37,0
DA:39,0
DA:42,0
DA:43,0
DA:44,0
DA:47,0
DA:50,0
DA:54,0
DA:68,0
DA:69,0
DA:78,0
DA:79,0
LF:20
LH:0
BRDA:43,0,0,0
BRDA:62,1,0,0
BRDA:62,1,1,0
BRDA:90,2,0,0
BRDA:90,2,1,0
BRF:5
BRH:0
end_of_record
TN:
SF:src\components\directComponents\DeductionsTab.component.tsx
FN:41,(anonymous_0)
FN:53,(anonymous_1)
FN:54,(anonymous_2)
FN:56,(anonymous_3)
FN:61,(anonymous_4)
FN:67,(anonymous_5)
FN:79,(anonymous_6)
FN:115,(anonymous_7)
FN:117,(anonymous_8)
FN:123,(anonymous_9)
FN:146,(anonymous_10)
FN:148,(anonymous_11)
FN:157,(anonymous_12)
FN:174,(anonymous_13)
FN:177,(anonymous_14)
FN:203,(anonymous_15)
FN:211,(anonymous_16)
FN:218,(anonymous_17)
FN:241,(anonymous_18)
FN:245,(anonymous_19)
FN:252,(anonymous_20)
FN:281,(anonymous_21)
FN:291,(anonymous_22)
FN:300,(anonymous_23)
FN:319,(anonymous_24)
FN:346,(anonymous_25)
FN:362,(anonymous_26)
FNF:27
FNH:0
FNDA:0,(anonymous_0)
FNDA:0,(anonymous_1)
FNDA:0,(anonymous_2)
FNDA:0,(anonymous_3)
FNDA:0,(anonymous_4)
FNDA:0,(anonymous_5)
FNDA:0,(anonymous_6)
FNDA:0,(anonymous_7)
FNDA:0,(anonymous_8)
FNDA:0,(anonymous_9)
FNDA:0,(anonymous_10)
FNDA:0,(anonymous_11)
FNDA:0,(anonymous_12)
FNDA:0,(anonymous_13)
FNDA:0,(anonymous_14)
FNDA:0,(anonymous_15)
FNDA:0,(anonymous_16)
FNDA:0,(anonymous_17)
FNDA:0,(anonymous_18)
FNDA:0,(anonymous_19)
FNDA:0,(anonymous_20)
FNDA:0,(anonymous_21)
FNDA:0,(anonymous_22)
FNDA:0,(anonymous_23)
FNDA:0,(anonymous_24)
FNDA:0,(anonymous_25)
FNDA:0,(anonymous_26)
DA:41,0
DA:47,0
DA:48,0
DA:51,0
DA:53,0
DA:54,0
DA:55,0
DA:57,0
DA:58,0
DA:59,0
DA:62,0
DA:67,0
DA:68,0
DA:73,0
DA:78,0
DA:79,0
DA:112,0
DA:113,0
DA:115,0
DA:116,0
DA:117,0
DA:118,0
DA:120,0
DA:123,0
DA:124,0
DA:129,0
DA:133,0
DA:134,0
DA:136,0
DA:137,0
DA:138,0
DA:143,0
DA:146,0
DA:147,0
DA:148,0
DA:149,0
DA:150,0
DA:153,0
DA:154,0
DA:157,0
DA:158,0
DA:160,0
DA:162,0
DA:164,0
DA:166,0
DA:168,0
DA:170,0
DA:174,0
DA:175,0
DA:176,0
DA:177,0
DA:178,0
DA:180,0
DA:186,0
DA:187,0
DA:188,0
DA:190,0
DA:196,0
DA:197,0
DA:198,0
DA:200,0
DA:202,0
DA:204,0
DA:207,0
DA:208,0
DA:212,0
DA:213,0
DA:214,0
DA:215,0
DA:216,0
DA:219,0
DA:220,0
DA:221,0
DA:222,0
DA:223,0
DA:225,0
DA:226,0
DA:229,0
DA:233,0
DA:242,0
DA:243,0
DA:244,0
DA:245,0
DA:250,0
DA:253,0
DA:254,0
DA:255,0
DA:256,0
DA:257,0
DA:259,0
DA:260,0
DA:263,0
DA:270,0
DA:282,0
DA:292,0
DA:293,0
DA:301,0
DA:302,0
DA:320,0
DA:347,0
DA:363,0
DA:364,0
DA:367,0
DA:368,0
DA:371,0
DA:373,0
LF:106
LH:0
BRDA:68,0,0,0
BRDA:69,1,0,0
BRDA:69,1,1,0
BRDA:69,1,2,0
BRDA:83,2,0,0
BRDA:83,2,1,0
BRDA:83,3,0,0
BRDA:83,3,1,0
BRDA:90,4,0,0
BRDA:90,4,1,0
BRDA:90,5,0,0
BRDA:90,5,1,0
BRDA:97,6,0,0
BRDA:97,6,1,0
BRDA:97,7,0,0
BRDA:97,7,1,0
BRDA:104,8,0,0
BRDA:104,8,1,0
BRDA:104,9,0,0
BRDA:104,9,1,0
BRDA:129,10,0,0
BRDA:130,11,0,0
BRDA:130,11,1,0
BRDA:130,11,2,0
BRDA:136,12,0,0
BRDA:136,12,1,0
BRDA:136,13,0,0
BRDA:136,13,1,0
BRDA:149,14,0,0
BRDA:158,15,0,0
BRDA:158,15,1,0
BRDA:158,15,2,0
BRDA:158,15,3,0
BRDA:158,15,4,0
BRDA:158,15,5,0
BRDA:180,16,0,0
BRDA:181,17,0,0
BRDA:181,17,1,0
BRDA:181,17,2,0
BRDA:181,17,3,0
BRDA:190,18,0,0
BRDA:191,19,0,0
BRDA:191,19,1,0
BRDA:191,19,2,0
BRDA:191,19,3,0
BRDA:204,20,0,0
BRDA:204,20,1,0
BRDA:207,21,0,0
BRDA:207,21,1,0
BRDA:220,22,0,0
BRDA:222,23,0,0
BRDA:225,24,0,0
BRDA:254,25,0,0
BRDA:256,26,0,0
BRDA:259,27,0,0
BRDA:274,28,0,0
BRDA:274,28,1,0
BRDA:274,29,0,0
BRDA:274,29,1,0
BRDA:274,29,2,0
BRDA:278,30,0,0
BRDA:278,30,1,0
BRDA:320,31,0,0
BRDA:320,31,1,0
BRDA:321,32,0,0
BRDA:321,32,1,0
BRDA:321,32,2,0
BRDA:331,33,0,0
BRDA:331,33,1,0
BRDA:331,33,2,0
BRDA:331,33,3,0
BRDA:337,34,0,0
BRDA:337,34,1,0
BRDA:337,35,0,0
BRDA:337,35,1,0
BRDA:337,35,2,0
BRDA:341,36,0,0
BRDA:341,36,1,0
BRDA:350,37,0,0
BRDA:350,37,1,0
BRDA:352,38,0,0
BRDA:352,38,1,0
BRDA:361,39,0,0
BRDA:361,39,1,0
BRDA:367,40,0,0
BRDA:367,40,1,0
BRDA:379,41,0,0
BRDA:379,41,1,0
BRDA:381,42,0,0
BRDA:381,42,1,0
BRDA:396,43,0,0
BRDA:396,43,1,0
BRF:92
BRH:0
end_of_record
TN:
SF:src\components\directComponents\DocumentDownload.component.tsx
FN:17,(anonymous_0)
FN:25,(anonymous_1)
FN:31,(anonymous_2)
FN:35,(anonymous_3)
FN:69,(anonymous_4)
FNF:5
FNH:0
FNDA:0,(anonymous_0)
FNDA:0,(anonymous_1)
FNDA:0,(anonymous_2)
FNDA:0,(anonymous_3)
FNDA:0,(anonymous_4)
DA:17,0
DA:18,0
DA:19,0
DA:20,0
DA:21,0
DA:23,0
DA:24,0
DA:25,0
DA:26,0
DA:30,0
DA:31,0
DA:32,0
DA:35,0
DA:40,0
DA:41,0
DA:42,0
DA:43,0
DA:44,0
DA:45,0
DA:46,0
DA:47,0
DA:48,0
DA:49,0
DA:50,0
DA:52,0
DA:53,0
DA:54,0
DA:55,0
DA:56,0
DA:64,0
DA:70,0
LF:31
LH:0
BRDA:19,0,0,0
BRDA:19,0,1,0
BRDA:20,1,0,0
BRDA:20,1,1,0
BRDA:21,2,0,0
BRDA:21,2,1,0
BRDA:52,3,0,0
BRDA:52,3,1,0
BRDA:54,4,0,0
BRDA:77,5,0,0
BRDA:77,5,1,0
BRDA:85,6,0,0
BRDA:85,6,1,0
BRF:13
BRH:0
end_of_record
TN:
SF:src\components\directComponents\DocumentPreview.component.tsx
FN:28,(anonymous_0)
FN:33,(anonymous_1)
FN:37,(anonymous_2)
FN:41,(anonymous_3)
FNF:4
FNH:0
FNDA:0,(anonymous_0)
FNDA:0,(anonymous_1)
FNDA:0,(anonymous_2)
FNDA:0,(anonymous_3)
DA:18,0
DA:28,0
DA:29,0
DA:30,0
DA:31,0
DA:33,0
DA:34,0
DA:37,0
DA:38,0
DA:41,0
DA:42,0
DA:45,0
LF:12
LH:0
BRDA:38,0,0,0
BRDA:38,0,1,0
BRDA:42,1,0,0
BRDA:42,1,1,0
BRDA:47,2,0,0
BRDA:47,2,1,0
BRDA:47,3,0,0
BRDA:47,3,1,0
BRDA:70,4,0,0
BRDA:70,4,1,0
BRF:10
BRH:0
end_of_record
TN:
SF:src\components\directComponents\EditApplicant.component.tsx
FN:26,(anonymous_0)
FN:30,(anonymous_1)
FN:35,(anonymous_2)
FN:37,(anonymous_3)
FN:43,(anonymous_4)
FN:46,(anonymous_5)
FN:49,(anonymous_6)
FN:60,(anonymous_7)
FN:67,(anonymous_8)
FN:85,(anonymous_9)
FN:91,(anonymous_10)
FN:134,(anonymous_11)
FN:164,(anonymous_12)
FN:196,(anonymous_13)
FN:238,(anonymous_14)
FN:256,(anonymous_15)
FN:269,(anonymous_16)
FNF:17
FNH:0
FNDA:0,(anonymous_0)
FNDA:0,(anonymous_1)
FNDA:0,(anonymous_2)
FNDA:0,(anonymous_3)
FNDA:0,(anonymous_4)
FNDA:0,(anonymous_5)
FNDA:0,(anonymous_6)
FNDA:0,(anonymous_7)
FNDA:0,(anonymous_8)
FNDA:0,(anonymous_9)
FNDA:0,(anonymous_10)
FNDA:0,(anonymous_11)
FNDA:0,(anonymous_12)
FNDA:0,(anonymous_13)
FNDA:0,(anonymous_14)
FNDA:0,(anonymous_15)
FNDA:0,(anonymous_16)
DA:26,0
DA:27,0
DA:28,0
DA:29,0
DA:30,0
DA:31,0
DA:33,0
DA:34,0
DA:35,0
DA:36,0
DA:37,0
DA:43,0
DA:44,0
DA:47,0
DA:50,0
DA:51,0
DA:52,0
DA:53,0
DA:56,0
DA:57,0
DA:60,0
DA:61,0
DA:62,0
DA:63,0
DA:67,0
DA:68,0
DA:73,0
DA:74,0
DA:75,0
DA:76,0
DA:77,0
DA:78,0
DA:80,0
DA:81,0
DA:85,0
DA:88,0
DA:89,0
DA:90,0
DA:91,0
DA:100,0
DA:137,0
DA:138,0
DA:140,0
DA:141,0
DA:142,0
DA:167,0
DA:168,0
DA:170,0
DA:171,0
DA:172,0
DA:199,0
DA:200,0
DA:202,0
DA:203,0
DA:204,0
DA:239,0
DA:240,0
DA:257,0
DA:258,0
DA:270,0
LF:60
LH:0
BRDA:44,0,0,0
BRDA:44,0,1,0
BRDA:50,1,0,0
BRDA:51,2,0,0
BRDA:102,3,0,0
BRDA:102,3,1,0
BRDA:118,4,0,0
BRDA:118,4,1,0
BRDA:137,5,0,0
BRDA:137,5,1,0
BRDA:141,6,0,0
BRDA:167,7,0,0
BRDA:167,7,1,0
BRDA:171,8,0,0
BRDA:199,9,0,0
BRDA:199,9,1,0
BRDA:203,10,0,0
BRDA:239,11,0,0
BRDA:246,12,0,0
BRDA:246,12,1,0
BRDA:257,13,0,0
BRDA:286,14,0,0
BRDA:286,14,1,0
BRF:23
BRH:0
end_of_record
TN:
SF:src\components\directComponents\EditInventory.component.tsx
FN:30,(anonymous_0)
FN:49,(anonymous_1)
FN:51,(anonymous_2)
FN:56,(anonymous_3)
FN:60,(anonymous_4)
FN:75,(anonymous_5)
FN:83,(anonymous_6)
FN:89,(anonymous_7)
FN:97,(anonymous_8)
FN:103,(anonymous_9)
FN:108,(anonymous_10)
FN:110,(anonymous_11)
FN:118,(anonymous_12)
FN:141,(anonymous_13)
FN:142,(anonymous_14)
FN:151,(anonymous_15)
FN:156,(anonymous_16)
FN:183,(anonymous_17)
FN:274,(anonymous_18)
FN:280,(anonymous_19)
FN:288,(anonymous_20)
FN:291,(anonymous_21)
FN:300,(anonymous_22)
FN:319,(anonymous_23)
FN:430,(anonymous_24)
FNF:25
FNH:0
FNDA:0,(anonymous_0)
FNDA:0,(anonymous_1)
FNDA:0,(anonymous_2)
FNDA:0,(anonymous_3)
FNDA:0,(anonymous_4)
FNDA:0,(anonymous_5)
FNDA:0,(anonymous_6)
FNDA:0,(anonymous_7)
FNDA:0,(anonymous_8)
FNDA:0,(anonymous_9)
FNDA:0,(anonymous_10)
FNDA:0,(anonymous_11)
FNDA:0,(anonymous_12)
FNDA:0,(anonymous_13)
FNDA:0,(anonymous_14)
FNDA:0,(anonymous_15)
FNDA:0,(anonymous_16)
FNDA:0,(anonymous_17)
FNDA:0,(anonymous_18)
FNDA:0,(anonymous_19)
FNDA:0,(anonymous_20)
FNDA:0,(anonymous_21)
FNDA:0,(anonymous_22)
FNDA:0,(anonymous_23)
FNDA:0,(anonymous_24)
DA:30,0
DA:37,0
DA:38,0
DA:39,0
DA:40,0
DA:41,0
DA:42,0
DA:43,0
DA:45,0
DA:49,0
DA:50,0
DA:51,0
DA:52,0
DA:56,0
DA:57,0
DA:60,0
DA:61,0
DA:66,0
DA:69,0
DA:75,0
DA:78,0
DA:79,0
DA:83,0
DA:89,0
DA:93,0
DA:97,0
DA:103,0
DA:108,0
DA:109,0
DA:110,0
DA:118,0
DA:119,0
DA:120,0
DA:121,0
DA:122,0
DA:123,0
DA:124,0
DA:125,0
DA:127,0
DA:131,0
DA:133,0
DA:135,0
DA:137,0
DA:141,0
DA:142,0
DA:143,0
DA:147,0
DA:150,0
DA:151,0
DA:152,0
DA:156,0
DA:157,0
DA:158,0
DA:165,0
DA:184,0
DA:274,0
DA:280,0
DA:289,0
DA:290,0
DA:291,0
DA:296,0
DA:320,0
DA:321,0
DA:327,0
DA:329,0
DA:330,0
DA:431,0
DA:432,0
DA:436,0
DA:438,0
DA:439,0
LF:71
LH:0
BRDA:70,0,0,0
BRDA:70,0,1,0
BRDA:79,1,0,0
BRDA:80,2,0,0
BRDA:80,2,1,0
BRDA:80,2,2,0
BRDA:80,2,3,0
BRDA:93,3,0,0
BRDA:94,4,0,0
BRDA:94,4,1,0
BRDA:94,4,2,0
BRDA:94,4,3,0
BRDA:109,5,0,0
BRDA:127,6,0,0
BRDA:127,6,1,0
BRDA:128,7,0,0
BRDA:128,7,1,0
BRDA:143,8,0,0
BRDA:144,9,0,0
BRDA:144,9,1,0
BRDA:159,10,0,0
BRDA:159,10,1,0
BRDA:185,11,0,0
BRDA:185,11,1,0
BRDA:191,12,0,0
BRDA:191,12,1,0
BRDA:273,13,0,0
BRDA:273,13,1,0
BRDA:285,14,0,0
BRDA:285,14,1,0
BRDA:289,15,0,0
BRDA:321,16,0,0
BRDA:322,17,0,0
BRDA:322,17,1,0
BRDA:322,17,2,0
BRDA:322,17,3,0
BRDA:329,18,0,0
BRDA:370,19,0,0
BRDA:370,19,1,0
BRDA:380,20,0,0
BRDA:380,20,1,0
BRDA:385,21,0,0
BRDA:385,21,1,0
BRDA:385,21,2,0
BRDA:385,21,3,0
BRDA:385,21,4,0
BRDA:385,21,5,0
BRDA:385,21,6,0
BRDA:385,21,7,0
BRDA:408,22,0,0
BRDA:408,22,1,0
BRDA:418,23,0,0
BRDA:418,23,1,0
BRDA:432,24,0,0
BRDA:433,25,0,0
BRDA:433,25,1,0
BRDA:438,26,0,0
BRDA:481,27,0,0
BRDA:481,27,1,0
BRDA:489,28,0,0
BRDA:489,28,1,0
BRF:61
BRH:0
end_of_record
TN:
SF:src\components\directComponents\HappyBirthday.tsx
FN:4,(anonymous_0)
FN:11,(anonymous_1)
FN:24,(anonymous_2)
FN:28,(anonymous_3)
FN:42,(anonymous_4)
FN:46,(anonymous_5)
FN:71,(anonymous_6)
FN:101,(anonymous_7)
FN:117,(anonymous_8)
FN:133,(anonymous_9)
FN:185,(anonymous_10)
FN:191,(anonymous_11)
FN:192,(anonymous_12)
FN:199,(anonymous_13)
FN:209,(anonymous_14)
FNF:15
FNH:0
FNDA:0,(anonymous_0)
FNDA:0,(anonymous_1)
FNDA:0,(anonymous_2)
FNDA:0,(anonymous_3)
FNDA:0,(anonymous_4)
FNDA:0,(anonymous_5)
FNDA:0,(anonymous_6)
FNDA:0,(anonymous_7)
FNDA:0,(anonymous_8)
FNDA:0,(anonymous_9)
FNDA:0,(anonymous_10)
FNDA:0,(anonymous_11)
FNDA:0,(anonymous_12)
FNDA:0,(anonymous_13)
FNDA:0,(anonymous_14)
DA:4,0
DA:5,0
DA:6,0
DA:7,0
DA:8,0
DA:10,0
DA:11,0
DA:12,0
DA:15,0
DA:16,0
DA:17,0
DA:18,0
DA:19,0
DA:20,0
DA:21,0
DA:22,0
DA:25,0
DA:29,0
DA:30,0
DA:32,0
DA:33,0
DA:34,0
DA:35,0
DA:37,0
DA:38,0
DA:39,0
DA:43,0
DA:44,0
DA:46,0
DA:47,0
DA:48,0
DA:51,0
DA:55,0
DA:56,0
DA:57,0
DA:68,0
DA:72,0
DA:73,0
DA:74,0
DA:75,0
DA:78,0
DA:79,0
DA:80,0
DA:82,0
DA:83,0
DA:85,0
DA:86,0
DA:87,0
DA:97,0
DA:100,0
DA:101,0
DA:107,0
DA:108,0
DA:109,0
DA:110,0
DA:111,0
DA:112,0
DA:113,0
DA:114,0
DA:115,0
DA:125,0
DA:126,0
DA:127,0
DA:128,0
DA:129,0
DA:130,0
DA:134,0
DA:135,0
DA:136,0
DA:137,0
DA:139,0
DA:141,0
DA:142,0
DA:143,0
DA:144,0
DA:145,0
DA:147,0
DA:149,0
DA:151,0
DA:152,0
DA:153,0
DA:155,0
DA:157,0
DA:158,0
DA:163,0
DA:164,0
DA:167,0
DA:168,0
DA:169,0
DA:170,0
DA:171,0
DA:172,0
DA:173,0
DA:174,0
DA:177,0
DA:178,0
DA:179,0
DA:180,0
DA:185,0
DA:186,0
DA:187,0
DA:188,0
DA:189,0
DA:191,0
DA:192,0
DA:193,0
DA:195,0
DA:196,0
DA:197,0
DA:199,0
DA:200,0
DA:201,0
DA:202,0
DA:203,0
DA:204,0
DA:207,0
DA:209,0
DA:210,0
DA:211,0
DA:212,0
DA:218,0
LF:121
LH:0
BRDA:30,0,0,0
BRDA:44,1,0,0
BRDA:48,2,0,0
BRDA:48,2,1,0
BRDA:51,3,0,0
BRDA:51,3,1,0
BRDA:73,4,0,0
BRDA:75,5,0,0
BRDA:86,6,0,0
BRDA:100,7,0,0
BRDA:135,8,0,0
BRDA:137,9,0,0
BRDA:139,10,0,0
BRDA:143,11,0,0
BRDA:143,11,1,0
BRDA:143,12,0,0
BRDA:143,12,1,0
BRDA:149,13,0,0
BRDA:151,14,0,0
BRDA:151,15,0,0
BRDA:151,15,1,0
BRDA:167,16,0,0
BRDA:167,16,1,0
BRDA:168,17,0,0
BRDA:168,17,1,0
BRDA:188,18,0,0
BRDA:188,19,0,0
BRDA:188,19,1,0
BRF:28
BRH:0
end_of_record
TN:
SF:src\components\directComponents\LoanPreview.component.tsx
FN:24,(anonymous_0)
FN:27,(anonymous_1)
FNF:2
FNH:0
FNDA:0,(anonymous_0)
FNDA:0,(anonymous_1)
DA:24,0
DA:25,0
DA:27,0
DA:28,0
DA:30,0
DA:31,0
LF:6
LH:0
BRDA:47,0,0,0
BRDA:47,0,1,0
BRDA:54,1,0,0
BRDA:54,1,1,0
BRDA:54,1,2,0
BRDA:111,2,0,0
BRDA:111,2,1,0
BRDA:113,3,0,0
BRDA:113,3,1,0
BRDA:125,4,0,0
BRDA:125,4,1,0
BRDA:137,5,0,0
BRDA:137,5,1,0
BRF:13
BRH:0
end_of_record
TN:
SF:src\components\directComponents\MobileNavbar.component.tsx
FN:25,(anonymous_0)
FN:89,(anonymous_1)
FN:90,(anonymous_2)
FN:113,(anonymous_3)
FN:114,(anonymous_4)
FN:143,(anonymous_5)
FN:152,(anonymous_6)
FN:159,(anonymous_7)
FN:168,(anonymous_8)
FN:180,(anonymous_9)
FN:214,(anonymous_10)
FNF:11
FNH:0
FNDA:0,(anonymous_0)
FNDA:0,(anonymous_1)
FNDA:0,(anonymous_2)
FNDA:0,(anonymous_3)
FNDA:0,(anonymous_4)
FNDA:0,(anonymous_5)
FNDA:0,(anonymous_6)
FNDA:0,(anonymous_7)
FNDA:0,(anonymous_8)
FNDA:0,(anonymous_9)
FNDA:0,(anonymous_10)
DA:25,0
DA:26,0
DA:27,0
DA:28,0
DA:29,0
DA:30,0
DA:31,0
DA:90,0
DA:91,0
DA:114,0
DA:115,0
DA:143,0
DA:144,0
DA:145,0
DA:148,0
DA:152,0
DA:153,0
DA:154,0
DA:155,0
DA:157,0
DA:159,0
DA:161,0
DA:162,0
DA:166,0
DA:168,0
DA:169,0
DA:172,0
DA:180,0
DA:214,0
LF:29
LH:0
BRDA:40,0,0,0
BRDA:40,0,1,0
BRDA:82,1,0,0
BRDA:82,1,1,0
BRDA:91,2,0,0
BRDA:91,2,1,0
BRDA:106,3,0,0
BRDA:106,3,1,0
BRDA:115,4,0,0
BRDA:115,4,1,0
BRDA:146,5,0,0
BRDA:146,5,1,0
BRDA:155,6,0,0
BRDA:155,6,1,0
BRDA:161,7,0,0
BRDA:161,7,1,0
BRDA:162,8,0,0
BRDA:162,8,1,0
BRDA:166,9,0,0
BRDA:166,9,1,0
BRDA:169,10,0,0
BRDA:169,10,1,0
BRDA:173,11,0,0
BRDA:173,11,1,0
BRDA:176,12,0,0
BRDA:176,12,1,0
BRDA:177,13,0,0
BRDA:177,13,1,0
BRDA:177,14,0,0
BRDA:177,14,1,0
BRDA:196,15,0,0
BRDA:196,15,1,0
BRDA:210,16,0,0
BRDA:210,16,1,0
BRDA:210,17,0,0
BRDA:210,17,1,0
BRDA:224,18,0,0
BRDA:224,18,1,0
BRDA:228,19,0,0
BRDA:228,19,1,0
BRF:40
BRH:0
end_of_record
TN:
SF:src\components\directComponents\OrgSettingsLOAN.component.tsx
FN:33,(anonymous_0)
FN:36,(anonymous_1)
FN:40,(anonymous_2)
FN:46,(anonymous_3)
FN:59,(anonymous_4)
FN:70,(anonymous_5)
FN:74,(anonymous_6)
FN:96,(anonymous_7)
FN:127,(anonymous_8)
FN:140,(anonymous_9)
FN:148,(anonymous_10)
FN:188,(anonymous_11)
FN:201,(anonymous_12)
FN:209,(anonymous_13)
FNF:14
FNH:0
FNDA:0,(anonymous_0)
FNDA:0,(anonymous_1)
FNDA:0,(anonymous_2)
FNDA:0,(anonymous_3)
FNDA:0,(anonymous_4)
FNDA:0,(anonymous_5)
FNDA:0,(anonymous_6)
FNDA:0,(anonymous_7)
FNDA:0,(anonymous_8)
FNDA:0,(anonymous_9)
FNDA:0,(anonymous_10)
FNDA:0,(anonymous_11)
FNDA:0,(anonymous_12)
FNDA:0,(anonymous_13)
DA:33,0
DA:34,0
DA:35,0
DA:36,0
DA:37,0
DA:39,0
DA:40,0
DA:41,0
DA:43,0
DA:46,0
DA:49,0
DA:50,0
DA:58,0
DA:60,0
DA:70,0
DA:71,0
DA:74,0
DA:75,0
DA:85,0
DA:86,0
DA:88,0
DA:89,0
DA:90,0
DA:91,0
DA:93,0
DA:96,0
DA:97,0
DA:107,0
DA:108,0
DA:110,0
DA:111,0
DA:112,0
DA:113,0
DA:115,0
DA:117,0
DA:128,0
DA:129,0
DA:130,0
DA:131,0
DA:141,0
DA:149,0
DA:150,0
DA:151,0
DA:189,0
DA:190,0
DA:191,0
DA:192,0
DA:202,0
DA:210,0
DA:211,0
DA:212,0
LF:51
LH:0
BRDA:75,0,0,0
BRDA:76,1,0,0
BRDA:76,1,1,0
BRDA:76,1,2,0
BRDA:76,1,3,0
BRDA:76,1,4,0
BRDA:89,2,0,0
BRDA:97,3,0,0
BRDA:98,4,0,0
BRDA:98,4,1,0
BRDA:98,4,2,0
BRDA:98,4,3,0
BRDA:98,4,4,0
BRDA:111,5,0,0
BRDA:125,6,0,0
BRDA:125,6,1,0
BRDA:186,7,0,0
BRDA:186,7,1,0
BRF:18
BRH:0
end_of_record
TN:
SF:src\components\directComponents\Pagination.component.tsx
FN:13,(anonymous_0)
FN:28,(anonymous_1)
FN:74,(anonymous_2)
FN:81,(anonymous_3)
FN:87,(anonymous_4)
FN:97,(anonymous_5)
FN:114,(anonymous_6)
FNF:7
FNH:0
FNDA:0,(anonymous_0)
FNDA:0,(anonymous_1)
FNDA:0,(anonymous_2)
FNDA:0,(anonymous_3)
FNDA:0,(anonymous_4)
FNDA:0,(anonymous_5)
FNDA:0,(anonymous_6)
DA:13,0
DA:28,0
DA:29,0
DA:30,0
DA:31,0
DA:33,0
DA:34,0
DA:35,0
DA:38,0
DA:39,0
DA:40,0
DA:41,0
DA:43,0
DA:44,0
DA:45,0
DA:46,0
DA:49,0
DA:50,0
DA:53,0
DA:54,0
DA:55,0
DA:58,0
DA:59,0
DA:60,0
DA:64,0
DA:67,0
DA:69,0
DA:74,0
DA:82,0
DA:87,0
DA:97,0
DA:114,0
LF:32
LH:0
BRDA:33,0,0,0
BRDA:33,0,1,0
BRDA:43,1,0,0
BRDA:43,1,1,0
BRDA:45,2,0,0
BRDA:53,3,0,0
BRDA:58,4,0,0
BRDA:72,5,0,0
BRDA:72,5,1,0
BRDA:84,6,0,0
BRDA:84,6,1,0
BRDA:94,7,0,0
BRDA:94,7,1,0
BRF:13
BRH:0
end_of_record
TN:
SF:src\components\directComponents\PreviewInventory.component.tsx
FN:21,(anonymous_0)
FN:24,(anonymous_1)
FN:30,(anonymous_2)
FNF:3
FNH:0
FNDA:0,(anonymous_0)
FNDA:0,(anonymous_1)
FNDA:0,(anonymous_2)
DA:21,0
DA:22,0
DA:24,0
DA:25,0
DA:26,0
DA:29,0
DA:30,0
DA:31,0
DA:34,0
DA:35,0
LF:10
LH:0
BRDA:29,0,0,0
BRDA:29,0,1,0
BRDA:49,1,0,0
BRDA:49,1,1,0
BRDA:57,2,0,0
BRDA:57,2,1,0
BRDA:101,3,0,0
BRDA:101,3,1,0
BRDA:121,4,0,0
BRDA:121,4,1,0
BRDA:168,5,0,0
BRDA:168,5,1,0
BRDA:176,6,0,0
BRDA:176,6,1,0
BRDA:179,7,0,0
BRDA:179,7,1,0
BRDA:187,8,0,0
BRDA:187,8,1,0
BRDA:195,9,0,0
BRDA:195,9,1,0
BRDA:210,10,0,0
BRDA:210,10,1,0
BRDA:228,11,0,0
BRDA:228,11,1,0
BRF:24
BRH:0
end_of_record
TN:
SF:src\components\directComponents\SettingsTypes.component.tsx
FN:31,(anonymous_0)
FN:61,(anonymous_1)
FN:63,(anonymous_2)
FN:67,(anonymous_3)
FN:71,(anonymous_4)
FN:79,(anonymous_5)
FN:93,(anonymous_6)
FN:94,(anonymous_7)
FN:100,(anonymous_8)
FN:105,(anonymous_9)
FN:110,(anonymous_10)
FN:128,(anonymous_11)
FN:136,(anonymous_12)
FN:138,(anonymous_13)
FN:157,(anonymous_14)
FN:215,(anonymous_15)
FN:216,(anonymous_16)
FN:263,(anonymous_17)
FN:281,(anonymous_18)
FNF:19
FNH:0
FNDA:0,(anonymous_0)
FNDA:0,(anonymous_1)
FNDA:0,(anonymous_2)
FNDA:0,(anonymous_3)
FNDA:0,(anonymous_4)
FNDA:0,(anonymous_5)
FNDA:0,(anonymous_6)
FNDA:0,(anonymous_7)
FNDA:0,(anonymous_8)
FNDA:0,(anonymous_9)
FNDA:0,(anonymous_10)
FNDA:0,(anonymous_11)
FNDA:0,(anonymous_12)
FNDA:0,(anonymous_13)
FNDA:0,(anonymous_14)
FNDA:0,(anonymous_15)
FNDA:0,(anonymous_16)
FNDA:0,(anonymous_17)
FNDA:0,(anonymous_18)
DA:31,0
DA:38,0
DA:39,0
DA:40,0
DA:41,0
DA:42,0
DA:46,0
DA:49,0
DA:50,0
DA:55,0
DA:56,0
DA:60,0
DA:61,0
DA:62,0
DA:63,0
DA:64,0
DA:67,0
DA:68,0
DA:71,0
DA:72,0
DA:73,0
DA:74,0
DA:79,0
DA:83,0
DA:84,0
DA:85,0
DA:86,0
DA:87,0
DA:88,0
DA:89,0
DA:93,0
DA:94,0
DA:100,0
DA:101,0
DA:105,0
DA:106,0
DA:107,0
DA:108,0
DA:109,0
DA:110,0
DA:115,0
DA:118,0
DA:119,0
DA:128,0
DA:129,0
DA:130,0
DA:131,0
DA:132,0
DA:134,0
DA:136,0
DA:139,0
DA:151,0
DA:152,0
DA:154,0
DA:157,0
DA:162,0
DA:163,0
DA:164,0
DA:165,0
DA:166,0
DA:167,0
DA:182,0
DA:184,0
DA:185,0
DA:193,0
DA:215,0
DA:217,0
DA:263,0
DA:282,0
LF:69
LH:0
BRDA:86,0,0,0
BRDA:86,0,1,0
BRDA:88,1,0,0
BRDA:108,2,0,0
BRDA:130,3,0,0
BRDA:135,4,0,0
BRDA:135,4,1,0
BRDA:137,5,0,0
BRDA:137,5,1,0
BRDA:139,6,0,0
BRDA:139,6,1,0
BRDA:144,7,0,0
BRDA:144,7,1,0
BRDA:147,8,0,0
BRDA:147,8,1,0
BRDA:151,9,0,0
BRDA:170,10,0,0
BRDA:170,10,1,0
BRDA:172,11,0,0
BRDA:172,11,1,0
BRDA:176,12,0,0
BRDA:176,12,1,0
BRDA:178,13,0,0
BRDA:178,13,1,0
BRDA:234,14,0,0
BRDA:234,14,1,0
BRDA:234,14,2,0
BRDA:244,15,0,0
BRDA:244,15,1,0
BRDA:249,16,0,0
BRDA:249,16,1,0
BRDA:252,17,0,0
BRDA:252,17,1,0
BRDA:266,18,0,0
BRDA:266,18,1,0
BRDA:290,19,0,0
BRDA:290,19,1,0
BRF:37
BRH:0
end_of_record
TN:
SF:src\components\loaders\PulseAnimation.loader.tsx
FN:18,(anonymous_0)
FN:20,(anonymous_1)
FN:26,(anonymous_2)
FN:35,(anonymous_3)
FNF:4
FNH:0
FNDA:0,(anonymous_0)
FNDA:0,(anonymous_1)
FNDA:0,(anonymous_2)
FNDA:0,(anonymous_3)
DA:3,0
DA:14,0
DA:18,0
DA:20,0
DA:23,0
DA:26,0
DA:35,0
DA:36,0
LF:8
LH:0
BRDA:18,0,0,0
BRDA:18,0,1,0
BRDA:37,1,0,0
BRDA:37,1,1,0
BRF:4
BRH:0
end_of_record
TN:
SF:src\components\loaders\SprinAnimation.loader.tsx
FN:41,(anonymous_0)
FNF:1
FNH:0
FNDA:0,(anonymous_0)
DA:5,0
DA:14,0
DA:27,0
DA:35,0
DA:41,0
DA:42,0
LF:6
LH:0
BRF:0
BRH:0
end_of_record
TN:
SF:src\components\reusableComponents\Calendar.component.tsx
FN:28,(anonymous_0)
FN:39,(anonymous_1)
FN:41,(anonymous_2)
FN:44,(anonymous_3)
FN:48,(anonymous_4)
FN:52,(anonymous_5)
FN:81,(anonymous_6)
FN:110,(anonymous_7)
FN:128,(anonymous_8)
FN:175,(anonymous_9)
FNF:10
FNH:0
FNDA:0,(anonymous_0)
FNDA:0,(anonymous_1)
FNDA:0,(anonymous_2)
FNDA:0,(anonymous_3)
FNDA:0,(anonymous_4)
FNDA:0,(anonymous_5)
FNDA:0,(anonymous_6)
FNDA:0,(anonymous_7)
FNDA:0,(anonymous_8)
FNDA:0,(anonymous_9)
DA:28,0
DA:36,0
DA:37,0
DA:39,0
DA:40,0
DA:41,0
DA:44,0
DA:45,0
DA:48,0
DA:49,0
DA:52,0
DA:53,0
DA:59,0
DA:61,0
DA:67,0
DA:72,0
DA:73,0
DA:77,0
DA:81,0
DA:82,0
DA:88,0
DA:90,0
DA:96,0
DA:101,0
DA:102,0
DA:106,0
DA:110,0
DA:111,0
DA:117,0
DA:118,0
DA:119,0
DA:123,0
DA:124,0
DA:128,0
DA:129,0
DA:130,0
DA:131,0
DA:132,0
DA:134,0
DA:135,0
DA:137,0
DA:143,0
DA:144,0
DA:148,0
DA:155,0
DA:156,0
DA:161,0
DA:162,0
DA:163,0
DA:164,0
DA:165,0
DA:167,0
DA:175,0
DA:183,0
DA:184,0
DA:191,0
DA:194,0
LF:57
LH:0
BRDA:36,0,0,0
BRDA:36,0,1,0
BRDA:67,1,0,0
BRDA:67,1,1,0
BRDA:68,2,0,0
BRDA:68,2,1,0
BRDA:68,2,2,0
BRDA:73,3,0,0
BRDA:74,4,0,0
BRDA:74,4,1,0
BRDA:96,5,0,0
BRDA:96,5,1,0
BRDA:97,6,0,0
BRDA:97,6,1,0
BRDA:97,6,2,0
BRDA:102,7,0,0
BRDA:103,8,0,0
BRDA:103,8,1,0
BRDA:118,9,0,0
BRDA:123,10,0,0
BRDA:134,11,0,0
BRDA:134,11,1,0
BRDA:161,12,0,0
BRDA:161,12,1,0
BRDA:162,13,0,0
BRDA:162,13,1,0
BRDA:163,14,0,0
BRDA:163,14,1,0
BRDA:164,15,0,0
BRDA:164,15,1,0
BRDA:165,16,0,0
BRDA:165,16,1,0
BRDA:172,17,0,0
BRDA:172,17,1,0
BRDA:173,18,0,0
BRDA:173,18,1,0
BRDA:175,19,0,0
BRDA:175,19,1,0
BRDA:176,20,0,0
BRDA:176,20,1,0
BRDA:204,21,0,0
BRDA:204,21,1,0
BRDA:204,21,2,0
BRDA:204,21,3,0
BRDA:221,22,0,0
BRDA:221,22,1,0
BRDA:221,22,2,0
BRDA:221,22,3,0
BRF:48
BRH:0
end_of_record
TN:
SF:src\components\reusableComponents\CenterModal.component.tsx
FN:41,(anonymous_0)
FNF:1
FNH:0
FNDA:0,(anonymous_0)
DA:41,0
DA:42,0
DA:50,0
DA:54,0
DA:56,0
LF:5
LH:0
BRDA:42,0,0,0
BRDA:42,0,1,0
BRDA:45,1,0,0
BRDA:45,1,1,0
BRDA:46,2,0,0
BRDA:46,2,1,0
BRDA:50,3,0,0
BRDA:50,3,1,0
BRDA:59,4,0,0
BRDA:59,4,1,0
BRDA:59,5,0,0
BRDA:59,5,1,0
BRDA:59,6,0,0
BRDA:59,6,1,0
BRDA:63,7,0,0
BRDA:63,7,1,0
BRDA:63,7,2,0
BRDA:63,7,3,0
BRDA:68,8,0,0
BRDA:68,8,1,0
BRDA:76,9,0,0
BRDA:76,9,1,0
BRDA:76,9,2,0
BRDA:80,10,0,0
BRDA:80,10,1,0
BRDA:83,11,0,0
BRDA:83,11,1,0
BRDA:87,12,0,0
BRDA:87,12,1,0
BRDA:91,13,0,0
BRDA:91,13,1,0
BRDA:95,14,0,0
BRDA:95,14,1,0
BRDA:100,15,0,0
BRDA:100,15,1,0
BRDA:103,16,0,0
BRDA:103,16,1,0
BRDA:115,17,0,0
BRDA:115,17,1,0
BRDA:118,18,0,0
BRDA:118,18,1,0
BRDA:123,19,0,0
BRDA:123,19,1,0
BRDA:128,20,0,0
BRDA:128,20,1,0
BRDA:128,21,0,0
BRDA:128,21,1,0
BRDA:129,22,0,0
BRDA:129,22,1,0
BRF:49
BRH:0
end_of_record
TN:
SF:src\components\reusableComponents\CenterModalExpense.component.tsx
FN:20,(anonymous_0)
FNF:1
FNH:0
FNDA:0,(anonymous_0)
DA:20,0
DA:28,0
DA:30,0
LF:3
LH:0
BRF:0
BRH:0
end_of_record
TN:
SF:src\components\reusableComponents\CenterModalMain.component.tsx
FN:16,(anonymous_0)
FNF:1
FNH:0
FNDA:0,(anonymous_0)
DA:16,0
DA:17,0
DA:18,0
LF:3
LH:0
BRDA:25,0,0,0
BRDA:25,0,1,0
BRF:2
BRH:0
end_of_record
TN:
SF:src\components\reusableComponents\CenterModalReject.tsx
FN:25,(anonymous_0)
FN:36,(anonymous_1)
FN:46,(anonymous_2)
FNF:3
FNH:0
FNDA:0,(anonymous_0)
FNDA:0,(anonymous_1)
FNDA:0,(anonymous_2)
DA:25,0
DA:26,0
DA:27,0
DA:28,0
DA:36,0
DA:39,0
DA:40,0
DA:41,0
DA:42,0
DA:46,0
DA:47,0
DA:49,0
LF:12
LH:0
BRDA:28,0,0,0
BRDA:28,0,1,0
BRDA:41,1,0,0
BRDA:64,2,0,0
BRDA:64,2,1,0
BRDA:71,3,0,0
BRDA:71,3,1,0
BRDA:77,4,0,0
BRDA:77,4,1,0
BRDA:81,5,0,0
BRDA:81,5,1,0
BRDA:86,6,0,0
BRDA:86,6,1,0
BRDA:87,7,0,0
BRDA:87,7,1,0
BRDA:92,8,0,0
BRDA:92,8,1,0
BRF:17
BRH:0
end_of_record
TN:
SF:src\components\reusableComponents\CommentsSection.component.tsx
FN:18,(anonymous_0)
FN:21,(anonymous_1)
FN:32,(anonymous_2)
FN:38,(anonymous_3)
FN:48,(anonymous_4)
FNF:5
FNH:0
FNDA:0,(anonymous_0)
FNDA:0,(anonymous_1)
FNDA:0,(anonymous_2)
FNDA:0,(anonymous_3)
FNDA:0,(anonymous_4)
DA:18,0
DA:19,0
DA:20,0
DA:21,0
DA:22,0
DA:24,0
DA:32,0
DA:39,0
DA:40,0
DA:41,0
DA:49,0
LF:11
LH:0
BRF:0
BRH:0
end_of_record
TN:
SF:src\components\reusableComponents\CompanyProfile.component.tsx
FN:55,(anonymous_0)
FN:72,(anonymous_1)
FN:86,(anonymous_2)
FN:90,(anonymous_3)
FN:94,(anonymous_4)
FN:100,(anonymous_5)
FN:109,(anonymous_6)
FN:119,(anonymous_7)
FN:133,(anonymous_8)
FN:143,(anonymous_9)
FN:154,(anonymous_10)
FN:158,(anonymous_11)
FN:165,(anonymous_12)
FN:172,(anonymous_13)
FN:191,(anonymous_14)
FN:341,(anonymous_15)
FN:350,(anonymous_16)
FN:369,(anonymous_17)
FN:372,(anonymous_18)
FN:377,(anonymous_19)
FN:382,(anonymous_20)
FN:387,(anonymous_21)
FN:389,(anonymous_22)
FN:401,(anonymous_23)
FN:434,(anonymous_24)
FN:460,(anonymous_25)
FN:492,(anonymous_26)
FN:588,(anonymous_27)
FN:638,(anonymous_28)
FN:715,(anonymous_29)
FN:763,(anonymous_30)
FN:800,(anonymous_31)
FN:838,(anonymous_32)
FN:874,(anonymous_33)
FN:905,(anonymous_34)
FN:949,(anonymous_35)
FNF:36
FNH:0
FNDA:0,(anonymous_0)
FNDA:0,(anonymous_1)
FNDA:0,(anonymous_2)
FNDA:0,(anonymous_3)
FNDA:0,(anonymous_4)
FNDA:0,(anonymous_5)
FNDA:0,(anonymous_6)
FNDA:0,(anonymous_7)
FNDA:0,(anonymous_8)
FNDA:0,(anonymous_9)
FNDA:0,(anonymous_10)
FNDA:0,(anonymous_11)
FNDA:0,(anonymous_12)
FNDA:0,(anonymous_13)
FNDA:0,(anonymous_14)
FNDA:0,(anonymous_15)
FNDA:0,(anonymous_16)
FNDA:0,(anonymous_17)
FNDA:0,(anonymous_18)
FNDA:0,(anonymous_19)
FNDA:0,(anonymous_20)
FNDA:0,(anonymous_21)
FNDA:0,(anonymous_22)
FNDA:0,(anonymous_23)
FNDA:0,(anonymous_24)
FNDA:0,(anonymous_25)
FNDA:0,(anonymous_26)
FNDA:0,(anonymous_27)
FNDA:0,(anonymous_28)
FNDA:0,(anonymous_29)
FNDA:0,(anonymous_30)
FNDA:0,(anonymous_31)
FNDA:0,(anonymous_32)
FNDA:0,(anonymous_33)
FNDA:0,(anonymous_34)
FNDA:0,(anonymous_35)
DA:55,0
DA:56,0
DA:57,0
DA:60,0
DA:63,0
DA:64,0
DA:65,0
DA:66,0
DA:70,0
DA:72,0
DA:73,0
DA:74,0
DA:75,0
DA:78,0
DA:79,0
DA:80,0
DA:82,0
DA:86,0
DA:87,0
DA:90,0
DA:91,0
DA:94,0
DA:95,0
DA:96,0
DA:97,0
DA:100,0
DA:105,0
DA:106,0
DA:107,0
DA:108,0
DA:110,0
DA:118,0
DA:120,0
DA:128,0
DA:130,0
DA:131,0
DA:132,0
DA:134,0
DA:142,0
DA:144,0
DA:152,0
DA:154,0
DA:158,0
DA:164,0
DA:165,0
DA:166,0
DA:167,0
DA:170,0
DA:172,0
DA:173,0
DA:174,0
DA:176,0
DA:180,0
DA:181,0
DA:182,0
DA:183,0
DA:184,0
DA:185,0
DA:186,0
DA:187,0
DA:188,0
DA:189,0
DA:191,0
DA:192,0
DA:195,0
DA:196,0
DA:197,0
DA:198,0
DA:199,0
DA:200,0
DA:201,0
DA:202,0
DA:203,0
DA:205,0
DA:209,0
DA:210,0
DA:212,0
DA:213,0
DA:214,0
DA:215,0
DA:217,0
DA:220,0
DA:224,0
DA:227,0
DA:228,0
DA:230,0
DA:233,0
DA:234,0
DA:237,0
DA:238,0
DA:240,0
DA:243,0
DA:247,0
DA:250,0
DA:251,0
DA:253,0
DA:256,0
DA:260,0
DA:263,0
DA:266,0
DA:268,0
DA:271,0
DA:275,0
DA:278,0
DA:281,0
DA:283,0
DA:286,0
DA:290,0
DA:293,0
DA:296,0
DA:298,0
DA:301,0
DA:302,0
DA:303,0
DA:304,0
DA:306,0
DA:309,0
DA:314,0
DA:315,0
DA:316,0
DA:318,0
DA:322,0
DA:323,0
DA:326,0
DA:327,0
DA:328,0
DA:329,0
DA:330,0
DA:332,0
DA:333,0
DA:336,0
DA:342,0
DA:343,0
DA:344,0
DA:345,0
DA:346,0
DA:347,0
DA:348,0
DA:351,0
DA:352,0
DA:353,0
DA:354,0
DA:355,0
DA:357,0
DA:358,0
DA:361,0
DA:367,0
DA:368,0
DA:369,0
DA:370,0
DA:371,0
DA:373,0
DA:374,0
DA:375,0
DA:378,0
DA:382,0
DA:383,0
DA:385,0
DA:387,0
DA:388,0
DA:389,0
DA:390,0
DA:391,0
DA:392,0
DA:393,0
DA:397,0
DA:398,0
DA:401,0
DA:402,0
DA:403,0
DA:404,0
DA:405,0
DA:410,0
DA:435,0
DA:436,0
DA:460,0
DA:492,0
DA:589,0
DA:590,0
DA:596,0
DA:639,0
DA:640,0
DA:644,0
DA:646,0
DA:647,0
DA:649,0
DA:654,0
DA:716,0
DA:717,0
DA:725,0
DA:764,0
DA:765,0
DA:769,0
DA:771,0
DA:776,0
DA:801,0
DA:802,0
DA:806,0
DA:808,0
DA:813,0
DA:839,0
DA:840,0
DA:844,0
DA:846,0
DA:851,0
DA:875,0
DA:876,0
DA:882,0
DA:906,0
DA:907,0
DA:913,0
DA:915,0
DA:916,0
DA:918,0
DA:925,0
DA:950,0
DA:951,0
DA:955,0
DA:957,0
DA:962,0
LF:220
LH:0
BRDA:76,0,0,0
BRDA:76,0,1,0
BRDA:106,1,0,0
BRDA:130,2,0,0
BRDA:166,3,0,0
BRDA:173,4,0,0
BRDA:173,4,1,0
BRDA:173,5,0,0
BRDA:173,5,1,0
BRDA:205,6,0,0
BRDA:206,7,0,0
BRDA:206,7,1,0
BRDA:206,7,2,0
BRDA:206,7,3,0
BRDA:212,8,0,0
BRDA:212,9,0,0
BRDA:212,9,1,0
BRDA:213,10,0,0
BRDA:213,10,1,0
BRDA:220,11,0,0
BRDA:221,12,0,0
BRDA:221,12,1,0
BRDA:224,13,0,0
BRDA:224,13,1,0
BRDA:233,14,0,0
BRDA:233,15,0,0
BRDA:233,15,1,0
BRDA:234,16,0,0
BRDA:234,16,1,0
BRDA:243,17,0,0
BRDA:244,18,0,0
BRDA:244,18,1,0
BRDA:247,19,0,0
BRDA:247,19,1,0
BRDA:256,20,0,0
BRDA:257,21,0,0
BRDA:257,21,1,0
BRDA:260,22,0,0
BRDA:260,22,1,0
BRDA:271,23,0,0
BRDA:272,24,0,0
BRDA:272,24,1,0
BRDA:275,25,0,0
BRDA:275,25,1,0
BRDA:286,26,0,0
BRDA:287,27,0,0
BRDA:287,27,1,0
BRDA:290,28,0,0
BRDA:290,28,1,0
BRDA:301,29,0,0
BRDA:302,30,0,0
BRDA:302,30,1,0
BRDA:309,31,0,0
BRDA:310,32,0,0
BRDA:310,32,1,0
BRDA:310,32,2,0
BRDA:314,33,0,0
BRDA:314,33,1,0
BRDA:322,34,0,0
BRDA:328,35,0,0
BRDA:332,36,0,0
BRDA:337,37,0,0
BRDA:337,37,1,0
BRDA:352,38,0,0
BRDA:354,39,0,0
BRDA:357,40,0,0
BRDA:390,41,0,0
BRDA:397,42,0,0
BRDA:402,43,0,0
BRDA:402,43,1,0
BRDA:402,44,0,0
BRDA:402,44,1,0
BRDA:404,45,0,0
BRDA:417,46,0,0
BRDA:417,46,1,0
BRDA:417,46,2,0
BRDA:420,47,0,0
BRDA:420,47,1,0
BRDA:452,48,0,0
BRDA:452,48,1,0
BRDA:456,49,0,0
BRDA:456,49,1,0
BRDA:474,50,0,0
BRDA:474,50,1,0
BRDA:485,51,0,0
BRDA:485,51,1,0
BRDA:485,52,0,0
BRDA:485,52,1,0
BRDA:524,53,0,0
BRDA:524,53,1,0
BRDA:524,54,0,0
BRDA:524,54,1,0
BRDA:533,55,0,0
BRDA:533,55,1,0
BRDA:540,56,0,0
BRDA:540,56,1,0
BRDA:543,57,0,0
BRDA:543,57,1,0
BRDA:543,58,0,0
BRDA:543,58,1,0
BRDA:559,59,0,0
BRDA:559,59,1,0
BRDA:562,60,0,0
BRDA:562,60,1,0
BRDA:562,61,0,0
BRDA:562,61,1,0
BRDA:581,62,0,0
BRDA:581,62,1,0
BRDA:581,63,0,0
BRDA:581,63,1,0
BRDA:581,63,2,0
BRDA:581,63,3,0
BRDA:590,64,0,0
BRDA:591,65,0,0
BRDA:591,65,1,0
BRDA:591,65,2,0
BRDA:591,65,3,0
BRDA:600,66,0,0
BRDA:600,66,1,0
BRDA:610,67,0,0
BRDA:610,67,1,0
BRDA:610,68,0,0
BRDA:610,68,1,0
BRDA:628,69,0,0
BRDA:628,69,1,0
BRDA:630,70,0,0
BRDA:630,70,1,0
BRDA:630,71,0,0
BRDA:630,71,1,0
BRDA:640,72,0,0
BRDA:641,73,0,0
BRDA:641,73,1,0
BRDA:646,74,0,0
BRDA:649,75,0,0
BRDA:650,76,0,0
BRDA:650,76,1,0
BRDA:650,76,2,0
BRDA:658,77,0,0
BRDA:658,77,1,0
BRDA:668,78,0,0
BRDA:668,78,1,0
BRDA:668,79,0,0
BRDA:668,79,1,0
BRDA:686,80,0,0
BRDA:686,80,1,0
BRDA:691,81,0,0
BRDA:691,81,1,0
BRDA:691,82,0,0
BRDA:691,82,1,0
BRDA:710,83,0,0
BRDA:710,83,1,0
BRDA:711,84,0,0
BRDA:711,84,1,0
BRDA:717,85,0,0
BRDA:718,86,0,0
BRDA:718,86,1,0
BRDA:718,86,2,0
BRDA:718,86,3,0
BRDA:718,86,4,0
BRDA:718,86,5,0
BRDA:729,87,0,0
BRDA:729,87,1,0
BRDA:738,88,0,0
BRDA:738,88,1,0
BRDA:739,89,0,0
BRDA:739,89,1,0
BRDA:744,90,0,0
BRDA:744,90,1,0
BRDA:753,91,0,0
BRDA:753,91,1,0
BRDA:755,92,0,0
BRDA:755,92,1,0
BRDA:755,93,0,0
BRDA:755,93,1,0
BRDA:765,94,0,0
BRDA:766,95,0,0
BRDA:766,95,1,0
BRDA:771,96,0,0
BRDA:772,97,0,0
BRDA:772,97,1,0
BRDA:772,97,2,0
BRDA:780,98,0,0
BRDA:780,98,1,0
BRDA:789,99,0,0
BRDA:789,99,1,0
BRDA:791,100,0,0
BRDA:791,100,1,0
BRDA:791,101,0,0
BRDA:791,101,1,0
BRDA:802,102,0,0
BRDA:803,103,0,0
BRDA:803,103,1,0
BRDA:808,104,0,0
BRDA:809,105,0,0
BRDA:809,105,1,0
BRDA:809,105,2,0
BRDA:817,106,0,0
BRDA:817,106,1,0
BRDA:826,107,0,0
BRDA:826,107,1,0
BRDA:830,108,0,0
BRDA:830,108,1,0
BRDA:830,109,0,0
BRDA:830,109,1,0
BRDA:840,110,0,0
BRDA:841,111,0,0
BRDA:841,111,1,0
BRDA:846,112,0,0
BRDA:847,113,0,0
BRDA:847,113,1,0
BRDA:847,113,2,0
BRDA:855,114,0,0
BRDA:855,114,1,0
BRDA:864,115,0,0
BRDA:864,115,1,0
BRDA:866,116,0,0
BRDA:866,116,1,0
BRDA:866,117,0,0
BRDA:866,117,1,0
BRDA:876,118,0,0
BRDA:877,119,0,0
BRDA:877,119,1,0
BRDA:877,119,2,0
BRDA:877,119,3,0
BRDA:886,120,0,0
BRDA:886,120,1,0
BRDA:894,121,0,0
BRDA:894,121,1,0
BRDA:897,122,0,0
BRDA:897,122,1,0
BRDA:897,123,0,0
BRDA:897,123,1,0
BRDA:907,124,0,0
BRDA:908,125,0,0
BRDA:908,125,1,0
BRDA:908,125,2,0
BRDA:908,125,3,0
BRDA:915,126,0,0
BRDA:918,127,0,0
BRDA:919,128,0,0
BRDA:919,128,1,0
BRDA:919,128,2,0
BRDA:919,128,3,0
BRDA:919,128,4,0
BRDA:930,129,0,0
BRDA:930,129,1,0
BRDA:939,130,0,0
BRDA:939,130,1,0
BRDA:941,131,0,0
BRDA:941,131,1,0
BRDA:941,132,0,0
BRDA:941,132,1,0
BRDA:951,133,0,0
BRDA:952,134,0,0
BRDA:952,134,1,0
BRDA:957,135,0,0
BRDA:958,136,0,0
BRDA:958,136,1,0
BRDA:958,136,2,0
BRDA:966,137,0,0
BRDA:966,137,1,0
BRDA:970,138,0,0
BRDA:970,138,1,0
BRF:263
BRH:0
end_of_record
TN:
SF:src\components\reusableComponents\CompleteNavBar.component.tsx
FN:52,(anonymous_0)
FN:58,(anonymous_1)
FN:64,(anonymous_2)
FN:73,(anonymous_3)
FN:78,(anonymous_4)
FN:86,(anonymous_5)
FN:144,(anonymous_6)
FN:145,(anonymous_7)
FN:167,(anonymous_8)
FN:168,(anonymous_9)
FN:254,(anonymous_10)
FN:255,(anonymous_11)
FN:298,(anonymous_12)
FN:299,(anonymous_13)
FN:356,(anonymous_14)
FN:357,(anonymous_15)
FN:382,(anonymous_16)
FN:383,(anonymous_17)
FN:443,(anonymous_18)
FN:444,(anonymous_19)
FN:453,(anonymous_20)
FN:457,(anonymous_21)
FN:494,(anonymous_22)
FN:503,(anonymous_23)
FN:510,(anonymous_24)
FN:519,(anonymous_25)
FN:521,(anonymous_26)
FN:527,(anonymous_27)
FN:531,(anonymous_28)
FN:536,(anonymous_29)
FN:548,(anonymous_30)
FN:582,(anonymous_31)
FN:620,(anonymous_32)
FN:635,(anonymous_33)
FNF:34
FNH:0
FNDA:0,(anonymous_0)
FNDA:0,(anonymous_1)
FNDA:0,(anonymous_2)
FNDA:0,(anonymous_3)
FNDA:0,(anonymous_4)
FNDA:0,(anonymous_5)
FNDA:0,(anonymous_6)
FNDA:0,(anonymous_7)
FNDA:0,(anonymous_8)
FNDA:0,(anonymous_9)
FNDA:0,(anonymous_10)
FNDA:0,(anonymous_11)
FNDA:0,(anonymous_12)
FNDA:0,(anonymous_13)
FNDA:0,(anonymous_14)
FNDA:0,(anonymous_15)
FNDA:0,(anonymous_16)
FNDA:0,(anonymous_17)
FNDA:0,(anonymous_18)
FNDA:0,(anonymous_19)
FNDA:0,(anonymous_20)
FNDA:0,(anonymous_21)
FNDA:0,(anonymous_22)
FNDA:0,(anonymous_23)
FNDA:0,(anonymous_24)
FNDA:0,(anonymous_25)
FNDA:0,(anonymous_26)
FNDA:0,(anonymous_27)
FNDA:0,(anonymous_28)
FNDA:0,(anonymous_29)
FNDA:0,(anonymous_30)
FNDA:0,(anonymous_31)
FNDA:0,(anonymous_32)
FNDA:0,(anonymous_33)
DA:52,0
DA:53,0
DA:54,0
DA:55,0
DA:56,0
DA:58,0
DA:59,0
DA:62,0
DA:64,0
DA:65,0
DA:68,0
DA:69,0
DA:71,0
DA:73,0
DA:74,0
DA:75,0
DA:78,0
DA:79,0
DA:80,0
DA:86,0
DA:87,0
DA:88,0
DA:90,0
DA:145,0
DA:146,0
DA:168,0
DA:169,0
DA:255,0
DA:256,0
DA:299,0
DA:300,0
DA:357,0
DA:358,0
DA:383,0
DA:384,0
DA:444,0
DA:445,0
DA:453,0
DA:457,0
DA:494,0
DA:495,0
DA:496,0
DA:499,0
DA:503,0
DA:504,0
DA:505,0
DA:506,0
DA:508,0
DA:510,0
DA:512,0
DA:513,0
DA:517,0
DA:519,0
DA:520,0
DA:521,0
DA:522,0
DA:527,0
DA:528,0
DA:531,0
DA:532,0
DA:536,0
DA:540,0
DA:548,0
DA:582,0
DA:621,0
DA:635,0
LF:66
LH:0
BRDA:79,0,0,0
BRDA:87,1,0,0
BRDA:87,1,1,0
BRDA:92,2,0,0
BRDA:92,2,1,0
BRDA:92,2,2,0
BRDA:94,3,0,0
BRDA:94,3,1,0
BRDA:96,4,0,0
BRDA:96,4,1,0
BRDA:101,5,0,0
BRDA:101,5,1,0
BRDA:106,6,0,0
BRDA:106,6,1,0
BRDA:115,7,0,0
BRDA:115,7,1,0
BRDA:123,8,0,0
BRDA:123,8,1,0
BRDA:137,9,0,0
BRDA:137,9,1,0
BRDA:146,10,0,0
BRDA:146,10,1,0
BRDA:160,11,0,0
BRDA:160,11,1,0
BRDA:169,12,0,0
BRDA:169,12,1,0
BRDA:173,13,0,0
BRDA:173,13,1,0
BRDA:173,13,2,0
BRDA:173,13,3,0
BRDA:173,13,4,0
BRDA:173,13,5,0
BRDA:173,13,6,0
BRDA:200,14,0,0
BRDA:200,14,1,0
BRDA:207,15,0,0
BRDA:207,15,1,0
BRDA:207,16,0,0
BRDA:207,16,1,0
BRDA:222,17,0,0
BRDA:222,17,1,0
BRDA:222,18,0,0
BRDA:222,18,1,0
BRDA:237,19,0,0
BRDA:237,19,1,0
BRDA:237,20,0,0
BRDA:237,20,1,0
BRDA:256,21,0,0
BRDA:256,21,1,0
BRDA:263,22,0,0
BRDA:263,22,1,0
BRDA:263,22,2,0
BRDA:277,23,0,0
BRDA:277,23,1,0
BRDA:284,24,0,0
BRDA:284,24,1,0
BRDA:284,25,0,0
BRDA:284,25,1,0
BRDA:300,26,0,0
BRDA:300,26,1,0
BRDA:307,27,0,0
BRDA:307,27,1,0
BRDA:320,28,0,0
BRDA:320,28,1,0
BRDA:327,29,0,0
BRDA:327,29,1,0
BRDA:327,30,0,0
BRDA:327,30,1,0
BRDA:327,30,2,0
BRDA:343,31,0,0
BRDA:343,31,1,0
BRDA:358,32,0,0
BRDA:358,32,1,0
BRDA:384,33,0,0
BRDA:384,33,1,0
BRDA:389,34,0,0
BRDA:389,34,1,0
BRDA:402,35,0,0
BRDA:402,35,1,0
BRDA:419,36,0,0
BRDA:419,36,1,0
BRDA:419,36,2,0
BRDA:436,37,0,0
BRDA:436,37,1,0
BRDA:445,38,0,0
BRDA:445,38,1,0
BRDA:450,39,0,0
BRDA:450,39,1,0
BRDA:497,40,0,0
BRDA:497,40,1,0
BRDA:506,41,0,0
BRDA:506,41,1,0
BRDA:512,42,0,0
BRDA:512,42,1,0
BRDA:513,43,0,0
BRDA:513,43,1,0
BRDA:517,44,0,0
BRDA:517,44,1,0
BRDA:520,45,0,0
BRDA:522,46,0,0
BRDA:522,46,1,0
BRDA:528,47,0,0
BRDA:528,47,1,0
BRDA:533,48,0,0
BRDA:533,48,1,0
BRDA:541,49,0,0
BRDA:541,49,1,0
BRDA:544,50,0,0
BRDA:544,50,1,0
BRDA:545,51,0,0
BRDA:545,51,1,0
BRDA:545,52,0,0
BRDA:545,52,1,0
BRDA:564,53,0,0
BRDA:564,53,1,0
BRDA:578,54,0,0
BRDA:578,54,1,0
BRDA:578,55,0,0
BRDA:578,55,1,0
BRDA:589,56,0,0
BRDA:589,56,1,0
BRDA:596,57,0,0
BRDA:596,57,1,0
BRDA:600,58,0,0
BRDA:600,58,1,0
BRDA:610,59,0,0
BRDA:610,59,1,0
BRDA:612,60,0,0
BRDA:612,60,1,0
BRDA:615,61,0,0
BRDA:615,61,1,0
BRDA:618,62,0,0
BRDA:618,62,1,0
BRDA:624,63,0,0
BRDA:624,63,1,0
BRDA:633,64,0,0
BRDA:633,64,1,0
BRF:137
BRH:0
end_of_record
TN:
SF:src\components\reusableComponents\DocumentAction.tsx
FN:51,(anonymous_0)
FN:68,(anonymous_1)
FN:74,(anonymous_2)
FN:78,(anonymous_3)
FN:103,(anonymous_4)
FN:107,(anonymous_5)
FN:116,(anonymous_6)
FN:124,(anonymous_7)
FN:127,(anonymous_8)
FN:141,(anonymous_9)
FN:168,(anonymous_10)
FN:172,(anonymous_11)
FN:176,(anonymous_12)
FN:180,(anonymous_13)
FN:220,(anonymous_14)
FN:234,(anonymous_15)
FN:272,(anonymous_16)
FNF:17
FNH:0
FNDA:0,(anonymous_0)
FNDA:0,(anonymous_1)
FNDA:0,(anonymous_2)
FNDA:0,(anonymous_3)
FNDA:0,(anonymous_4)
FNDA:0,(anonymous_5)
FNDA:0,(anonymous_6)
FNDA:0,(anonymous_7)
FNDA:0,(anonymous_8)
FNDA:0,(anonymous_9)
FNDA:0,(anonymous_10)
FNDA:0,(anonymous_11)
FNDA:0,(anonymous_12)
FNDA:0,(anonymous_13)
FNDA:0,(anonymous_14)
FNDA:0,(anonymous_15)
FNDA:0,(anonymous_16)
DA:33,0
DA:51,0
DA:59,0
DA:60,0
DA:61,0
DA:62,0
DA:63,0
DA:64,0
DA:65,0
DA:66,0
DA:67,0
DA:68,0
DA:69,0
DA:73,0
DA:74,0
DA:75,0
DA:78,0
DA:79,0
DA:81,0
DA:82,0
DA:88,0
DA:92,0
DA:93,0
DA:95,0
DA:96,0
DA:97,0
DA:99,0
DA:103,0
DA:104,0
DA:107,0
DA:108,0
DA:109,0
DA:110,0
DA:114,0
DA:116,0
DA:117,0
DA:118,0
DA:122,0
DA:124,0
DA:125,0
DA:127,0
DA:128,0
DA:129,0
DA:131,0
DA:133,0
DA:134,0
DA:136,0
DA:137,0
DA:141,0
DA:142,0
DA:143,0
DA:144,0
DA:145,0
DA:146,0
DA:149,0
DA:150,0
DA:151,0
DA:152,0
DA:153,0
DA:154,0
DA:155,0
DA:157,0
DA:158,0
DA:159,0
DA:160,0
DA:162,0
DA:168,0
DA:169,0
DA:172,0
DA:173,0
DA:176,0
DA:177,0
DA:180,0
DA:185,0
DA:186,0
DA:188,0
DA:189,0
DA:190,0
DA:191,0
DA:192,0
DA:193,0
DA:194,0
DA:195,0
DA:197,0
DA:198,0
DA:199,0
DA:200,0
DA:202,0
DA:203,0
DA:206,0
DA:211,0
DA:222,0
DA:234,0
DA:273,0
LF:94
LH:0
BRDA:81,0,0,0
BRDA:82,1,0,0
BRDA:83,2,0,0
BRDA:83,2,1,0
BRDA:83,2,2,0
BRDA:83,2,3,0
BRDA:92,3,0,0
BRDA:95,4,0,0
BRDA:109,5,0,0
BRDA:117,6,0,0
BRDA:117,7,0,0
BRDA:117,7,1,0
BRDA:157,8,0,0
BRDA:159,9,0,0
BRDA:159,9,1,0
BRDA:173,10,0,0
BRDA:173,10,1,0
BRDA:177,11,0,0
BRDA:177,11,1,0
BRDA:197,12,0,0
BRDA:197,12,1,0
BRDA:199,13,0,0
BRDA:199,13,1,0
BRDA:217,14,0,0
BRDA:217,14,1,0
BRDA:222,15,0,0
BRDA:222,15,1,0
BRDA:222,15,2,0
BRDA:222,15,3,0
BRDA:222,15,4,0
BRDA:232,16,0,0
BRDA:232,16,1,0
BRDA:244,17,0,0
BRDA:244,17,1,0
BRDA:253,18,0,0
BRDA:253,18,1,0
BRDA:307,19,0,0
BRDA:307,19,1,0
BRDA:316,20,0,0
BRDA:316,20,1,0
BRDA:316,21,0,0
BRDA:316,21,1,0
BRDA:353,22,0,0
BRDA:353,22,1,0
BRDA:375,23,0,0
BRDA:375,23,1,0
BRF:46
BRH:0
end_of_record
TN:
SF:src\components\reusableComponents\DocumentPreviewMain.component.tsx
FN:19,(anonymous_0)
FNF:1
FNH:0
FNDA:0,(anonymous_0)
DA:19,0
DA:20,0
LF:2
LH:0
BRF:0
BRH:0
end_of_record
TN:
SF:src\components\reusableComponents\ExpenseListAction.tsx
FN:33,(anonymous_0)
FN:47,(anonymous_1)
FN:52,(anonymous_2)
FN:57,(anonymous_3)
FN:61,(anonymous_4)
FN:65,(anonymous_5)
FN:77,(anonymous_6)
FN:89,(anonymous_7)
FN:98,(anonymous_8)
FN:114,(anonymous_9)
FN:118,(anonymous_10)
FN:131,(anonymous_11)
FNF:12
FNH:0
FNDA:0,(anonymous_0)
FNDA:0,(anonymous_1)
FNDA:0,(anonymous_2)
FNDA:0,(anonymous_3)
FNDA:0,(anonymous_4)
FNDA:0,(anonymous_5)
FNDA:0,(anonymous_6)
FNDA:0,(anonymous_7)
FNDA:0,(anonymous_8)
FNDA:0,(anonymous_9)
FNDA:0,(anonymous_10)
FNDA:0,(anonymous_11)
DA:33,0
DA:42,0
DA:43,0
DA:44,0
DA:45,0
DA:46,0
DA:47,0
DA:48,0
DA:51,0
DA:52,0
DA:53,0
DA:56,0
DA:57,0
DA:58,0
DA:61,0
DA:62,0
DA:65,0
DA:66,0
DA:67,0
DA:68,0
DA:69,0
DA:70,0
DA:72,0
DA:73,0
DA:77,0
DA:78,0
DA:79,0
DA:80,0
DA:82,0
DA:83,0
DA:85,0
DA:89,0
DA:90,0
DA:91,0
DA:92,0
DA:96,0
DA:98,0
DA:99,0
DA:100,0
DA:104,0
DA:106,0
DA:115,0
DA:118,0
DA:131,0
LF:44
LH:0
BRDA:79,0,0,0
BRDA:82,1,0,0
BRDA:91,2,0,0
BRDA:99,3,0,0
BRDA:99,4,0,0
BRDA:99,4,1,0
BRDA:112,5,0,0
BRDA:112,5,1,0
BRDA:117,6,0,0
BRDA:117,6,1,0
BRDA:127,7,0,0
BRDA:127,7,1,0
BRDA:137,8,0,0
BRDA:137,8,1,0
BRDA:138,9,0,0
BRDA:138,9,1,0
BRDA:146,10,0,0
BRDA:146,10,1,0
BRF:18
BRH:0
end_of_record
TN:
SF:src\components\reusableComponents\ExpenseTyeAction.tsx
FN:27,(anonymous_0)
FN:32,(anonymous_1)
FN:39,(anonymous_2)
FN:43,(anonymous_3)
FN:52,(anonymous_4)
FN:67,(anonymous_5)
FN:71,(anonymous_6)
FNF:7
FNH:0
FNDA:0,(anonymous_0)
FNDA:0,(anonymous_1)
FNDA:0,(anonymous_2)
FNDA:0,(anonymous_3)
FNDA:0,(anonymous_4)
FNDA:0,(anonymous_5)
FNDA:0,(anonymous_6)
DA:27,0
DA:32,0
DA:33,0
DA:34,0
DA:35,0
DA:37,0
DA:38,0
DA:39,0
DA:40,0
DA:42,0
DA:43,0
DA:44,0
DA:45,0
DA:46,0
DA:50,0
DA:52,0
DA:53,0
DA:54,0
DA:58,0
DA:60,0
DA:68,0
DA:71,0
LF:22
LH:0
BRDA:45,0,0,0
BRDA:53,1,0,0
BRDA:53,2,0,0
BRDA:53,2,1,0
BRDA:65,3,0,0
BRDA:65,3,1,0
BRDA:70,4,0,0
BRDA:70,4,1,0
BRF:8
BRH:0
end_of_record
TN:
SF:src\components\reusableComponents\FilterButton.component.tsx
FN:18,(anonymous_0)
FN:26,(anonymous_1)
FN:30,(anonymous_2)
FN:36,(anonymous_3)
FN:45,(anonymous_4)
FN:68,(anonymous_5)
FN:72,(anonymous_6)
FNF:7
FNH:0
FNDA:0,(anonymous_0)
FNDA:0,(anonymous_1)
FNDA:0,(anonymous_2)
FNDA:0,(anonymous_3)
FNDA:0,(anonymous_4)
FNDA:0,(anonymous_5)
FNDA:0,(anonymous_6)
DA:18,0
DA:23,0
DA:24,0
DA:25,0
DA:26,0
DA:27,0
DA:30,0
DA:31,0
DA:32,0
DA:36,0
DA:37,0
DA:38,0
DA:39,0
DA:43,0
DA:45,0
DA:46,0
DA:47,0
DA:51,0
DA:60,0
DA:69,0
DA:72,0
LF:21
LH:0
BRDA:38,0,0,0
BRDA:46,1,0,0
BRDA:46,2,0,0
BRDA:46,2,1,0
BRDA:66,3,0,0
BRDA:66,3,1,0
BRDA:71,4,0,0
BRDA:71,4,1,0
BRDA:75,5,0,0
BRDA:75,5,1,0
BRF:10
BRH:0
end_of_record
TN:
SF:src\components\reusableComponents\FromToDatePicker.tsx
FN:30,(anonymous_0)
FN:31,(anonymous_1)
FN:69,(anonymous_2)
FN:92,(anonymous_3)
FN:94,(anonymous_4)
FN:96,(anonymous_5)
FN:111,(anonymous_6)
FN:117,(anonymous_7)
FN:127,(anonymous_8)
FN:131,(anonymous_9)
FN:165,(anonymous_10)
FN:184,(anonymous_11)
FN:194,(anonymous_12)
FN:204,(anonymous_13)
FN:208,(anonymous_14)
FN:242,(anonymous_15)
FN:261,(anonymous_16)
FN:279,(anonymous_17)
FN:282,(anonymous_18)
FN:291,(anonymous_19)
FN:307,(anonymous_20)
FNF:21
FNH:0
FNDA:0,(anonymous_0)
FNDA:0,(anonymous_1)
FNDA:0,(anonymous_2)
FNDA:0,(anonymous_3)
FNDA:0,(anonymous_4)
FNDA:0,(anonymous_5)
FNDA:0,(anonymous_6)
FNDA:0,(anonymous_7)
FNDA:0,(anonymous_8)
FNDA:0,(anonymous_9)
FNDA:0,(anonymous_10)
FNDA:0,(anonymous_11)
FNDA:0,(anonymous_12)
FNDA:0,(anonymous_13)
FNDA:0,(anonymous_14)
FNDA:0,(anonymous_15)
FNDA:0,(anonymous_16)
FNDA:0,(anonymous_17)
FNDA:0,(anonymous_18)
FNDA:0,(anonymous_19)
FNDA:0,(anonymous_20)
DA:26,0
DA:30,0
DA:31,0
DA:46,0
DA:69,0
DA:74,0
DA:77,0
DA:78,0
DA:81,0
DA:82,0
DA:83,0
DA:84,0
DA:85,0
DA:86,0
DA:89,0
DA:91,0
DA:92,0
DA:93,0
DA:94,0
DA:96,0
DA:103,0
DA:104,0
DA:107,0
DA:108,0
DA:111,0
DA:112,0
DA:113,0
DA:114,0
DA:117,0
DA:118,0
DA:127,0
DA:128,0
DA:131,0
DA:132,0
DA:134,0
DA:150,0
DA:152,0
DA:166,0
DA:173,0
DA:181,0
DA:184,0
DA:189,0
DA:190,0
DA:191,0
DA:194,0
DA:195,0
DA:204,0
DA:205,0
DA:208,0
DA:209,0
DA:211,0
DA:227,0
DA:229,0
DA:243,0
DA:250,0
DA:258,0
DA:261,0
DA:279,0
DA:280,0
DA:282,0
DA:283,0
DA:291,0
DA:307,0
DA:309,0
DA:310,0
DA:316,0
DA:322,0
DA:328,0
DA:334,0
LF:69
LH:0
BRDA:30,0,0,0
BRDA:30,0,1,0
BRDA:31,1,0,0
BRDA:31,1,1,0
BRDA:103,2,0,0
BRDA:103,3,0,0
BRDA:103,3,1,0
BRDA:108,4,0,0
BRDA:108,4,1,0
BRDA:114,5,0,0
BRDA:114,5,1,0
BRDA:120,6,0,0
BRDA:120,6,1,0
BRDA:134,7,0,0
BRDA:134,7,1,0
BRDA:134,7,2,0
BRDA:134,7,3,0
BRDA:150,8,0,0
BRDA:150,8,1,0
BRDA:155,9,0,0
BRDA:155,9,1,0
BRDA:155,10,0,0
BRDA:155,10,1,0
BRDA:171,11,0,0
BRDA:171,11,1,0
BRDA:191,12,0,0
BRDA:191,12,1,0
BRDA:197,13,0,0
BRDA:197,13,1,0
BRDA:211,14,0,0
BRDA:211,14,1,0
BRDA:211,14,2,0
BRDA:211,14,3,0
BRDA:227,15,0,0
BRDA:227,15,1,0
BRDA:232,16,0,0
BRDA:232,16,1,0
BRDA:232,17,0,0
BRDA:232,17,1,0
BRDA:248,18,0,0
BRDA:248,18,1,0
BRDA:280,19,0,0
BRDA:280,19,1,0
BRDA:280,20,0,0
BRDA:280,20,1,0
BRDA:283,21,0,0
BRDA:283,21,1,0
BRDA:283,22,0,0
BRDA:283,22,1,0
BRDA:284,23,0,0
BRDA:284,23,1,0
BRF:51
BRH:0
end_of_record
TN:
SF:src\components\reusableComponents\InventoryEnums.component.tsx
FN:5,(anonymous_0)
FNF:1
FNH:0
FNDA:0,(anonymous_0)
DA:5,0
DA:6,0
DA:7,0
DA:10,0
LF:4
LH:0
BRDA:5,0,0,0
BRDA:5,0,1,0
BRF:2
BRH:0
end_of_record
TN:
SF:src\components\reusableComponents\InventoryListAction.component.tsx
FN:33,(anonymous_0)
FN:49,(anonymous_1)
FN:53,(anonymous_2)
FN:57,(anonymous_3)
FN:61,(anonymous_4)
FN:65,(anonymous_5)
FN:74,(anonymous_6)
FN:87,(anonymous_7)
FN:96,(anonymous_8)
FN:112,(anonymous_9)
FN:129,(anonymous_10)
FN:147,(anonymous_11)
FN:183,(anonymous_12)
FNF:13
FNH:0
FNDA:0,(anonymous_0)
FNDA:0,(anonymous_1)
FNDA:0,(anonymous_2)
FNDA:0,(anonymous_3)
FNDA:0,(anonymous_4)
FNDA:0,(anonymous_5)
FNDA:0,(anonymous_6)
FNDA:0,(anonymous_7)
FNDA:0,(anonymous_8)
FNDA:0,(anonymous_9)
FNDA:0,(anonymous_10)
FNDA:0,(anonymous_11)
FNDA:0,(anonymous_12)
DA:33,0
DA:41,0
DA:42,0
DA:43,0
DA:44,0
DA:45,0
DA:46,0
DA:47,0
DA:49,0
DA:50,0
DA:52,0
DA:53,0
DA:54,0
DA:57,0
DA:58,0
DA:61,0
DA:62,0
DA:65,0
DA:66,0
DA:67,0
DA:68,0
DA:69,0
DA:70,0
DA:72,0
DA:74,0
DA:75,0
DA:76,0
DA:77,0
DA:78,0
DA:79,0
DA:80,0
DA:81,0
DA:83,0
DA:87,0
DA:88,0
DA:89,0
DA:90,0
DA:94,0
DA:96,0
DA:97,0
DA:98,0
DA:101,0
DA:104,0
DA:108,0
DA:113,0
DA:114,0
DA:131,0
DA:135,0
DA:139,0
DA:140,0
DA:143,0
DA:147,0
DA:183,0
LF:53
LH:0
BRDA:67,0,0,0
BRDA:67,0,1,0
BRDA:69,1,0,0
BRDA:89,2,0,0
BRDA:97,3,0,0
BRDA:97,4,0,0
BRDA:97,4,1,0
BRDA:104,5,0,0
BRDA:104,5,1,0
BRDA:104,5,2,0
BRDA:113,6,0,0
BRDA:120,7,0,0
BRDA:120,7,1,0
BRDA:121,8,0,0
BRDA:121,8,1,0
BRDA:127,9,0,0
BRDA:127,9,1,0
BRDA:131,10,0,0
BRDA:131,10,1,0
BRDA:131,10,2,0
BRDA:135,11,0,0
BRDA:135,11,1,0
BRDA:135,11,2,0
BRDA:139,12,0,0
BRDA:139,13,0,0
BRDA:139,13,1,0
BRDA:146,14,0,0
BRDA:146,14,1,0
BRDA:157,15,0,0
BRDA:157,15,1,0
BRDA:167,16,0,0
BRDA:167,16,1,0
BRDA:168,17,0,0
BRDA:168,17,1,0
BRDA:176,18,0,0
BRDA:176,18,1,0
BRF:36
BRH:0
end_of_record
TN:
SF:src\components\reusableComponents\LeftSideModal.component.tsx
FN:12,(anonymous_0)
FNF:1
FNH:0
FNDA:0,(anonymous_0)
DA:12,0
DA:13,0
LF:2
LH:0
BRF:0
BRH:0
end_of_record
TN:
SF:src\components\reusableComponents\LoanListAction.tsx
FN:24,(anonymous_0)
FN:37,(anonymous_1)
FN:40,(anonymous_2)
FN:43,(anonymous_3)
FN:54,(anonymous_4)
FN:65,(anonymous_5)
FN:68,(anonymous_6)
FN:81,(anonymous_7)
FN:82,(anonymous_8)
FN:85,(anonymous_9)
FN:89,(anonymous_10)
FN:90,(anonymous_11)
FN:93,(anonymous_12)
FN:97,(anonymous_13)
FN:103,(anonymous_14)
FN:112,(anonymous_15)
FN:123,(anonymous_16)
FN:157,(anonymous_17)
FN:161,(anonymous_18)
FN:187,(anonymous_19)
FN:195,(anonymous_20)
FNF:21
FNH:0
FNDA:0,(anonymous_0)
FNDA:0,(anonymous_1)
FNDA:0,(anonymous_2)
FNDA:0,(anonymous_3)
FNDA:0,(anonymous_4)
FNDA:0,(anonymous_5)
FNDA:0,(anonymous_6)
FNDA:0,(anonymous_7)
FNDA:0,(anonymous_8)
FNDA:0,(anonymous_9)
FNDA:0,(anonymous_10)
FNDA:0,(anonymous_11)
FNDA:0,(anonymous_12)
FNDA:0,(anonymous_13)
FNDA:0,(anonymous_14)
FNDA:0,(anonymous_15)
FNDA:0,(anonymous_16)
FNDA:0,(anonymous_17)
FNDA:0,(anonymous_18)
FNDA:0,(anonymous_19)
FNDA:0,(anonymous_20)
DA:24,0
DA:29,0
DA:30,0
DA:31,0
DA:32,0
DA:33,0
DA:34,0
DA:35,0
DA:36,0
DA:37,0
DA:38,0
DA:40,0
DA:41,0
DA:43,0
DA:44,0
DA:45,0
DA:46,0
DA:48,0
DA:49,0
DA:51,0
DA:54,0
DA:55,0
DA:56,0
DA:57,0
DA:58,0
DA:59,0
DA:60,0
DA:62,0
DA:65,0
DA:66,0
DA:68,0
DA:69,0
DA:70,0
DA:71,0
DA:72,0
DA:74,0
DA:75,0
DA:76,0
DA:78,0
DA:81,0
DA:82,0
DA:83,0
DA:85,0
DA:86,0
DA:89,0
DA:90,0
DA:91,0
DA:93,0
DA:94,0
DA:97,0
DA:98,0
DA:99,0
DA:100,0
DA:103,0
DA:104,0
DA:110,0
DA:112,0
DA:113,0
DA:114,0
DA:117,0
DA:119,0
DA:124,0
DA:125,0
DA:129,0
DA:158,0
DA:161,0
DA:187,0
DA:195,0
LF:68
LH:0
BRDA:45,0,0,0
BRDA:48,1,0,0
BRDA:99,2,0,0
BRDA:105,3,0,0
BRDA:105,3,1,0
BRDA:105,3,2,0
BRDA:113,4,0,0
BRDA:113,5,0,0
BRDA:113,5,1,0
BRDA:124,6,0,0
BRDA:125,7,0,0
BRDA:126,8,0,0
BRDA:126,8,1,0
BRDA:137,9,0,0
BRDA:137,9,1,0
BRDA:137,10,0,0
BRDA:137,10,1,0
BRDA:137,10,2,0
BRDA:137,10,3,0
BRDA:144,11,0,0
BRDA:144,11,1,0
BRDA:144,12,0,0
BRDA:144,12,1,0
BRDA:144,12,2,0
BRDA:144,12,3,0
BRDA:155,13,0,0
BRDA:155,13,1,0
BRDA:160,14,0,0
BRDA:160,14,1,0
BRDA:169,15,0,0
BRDA:169,15,1,0
BRDA:170,16,0,0
BRDA:170,16,1,0
BRDA:182,17,0,0
BRDA:182,17,1,0
BRDA:190,18,0,0
BRDA:190,18,1,0
BRF:37
BRH:0
end_of_record
TN:
SF:src\components\reusableComponents\LoanListView.compoment.tsx
FN:29,(anonymous_0)
FN:36,(anonymous_1)
FN:47,(anonymous_2)
FN:57,(anonymous_3)
FN:71,(anonymous_4)
FN:79,(anonymous_5)
FN:85,(anonymous_6)
FN:88,(anonymous_7)
FN:90,(anonymous_8)
FN:96,(anonymous_9)
FN:99,(anonymous_10)
FN:156,(anonymous_11)
FN:159,(anonymous_12)
FN:167,(anonymous_13)
FN:177,(anonymous_14)
FN:189,(anonymous_15)
FN:208,(anonymous_16)
FN:216,(anonymous_17)
FNF:18
FNH:0
FNDA:0,(anonymous_0)
FNDA:0,(anonymous_1)
FNDA:0,(anonymous_2)
FNDA:0,(anonymous_3)
FNDA:0,(anonymous_4)
FNDA:0,(anonymous_5)
FNDA:0,(anonymous_6)
FNDA:0,(anonymous_7)
FNDA:0,(anonymous_8)
FNDA:0,(anonymous_9)
FNDA:0,(anonymous_10)
FNDA:0,(anonymous_11)
FNDA:0,(anonymous_12)
FNDA:0,(anonymous_13)
FNDA:0,(anonymous_14)
FNDA:0,(anonymous_15)
FNDA:0,(anonymous_16)
FNDA:0,(anonymous_17)
DA:29,0
DA:30,0
DA:31,0
DA:32,0
DA:34,0
DA:36,0
DA:37,0
DA:42,0
DA:43,0
DA:45,0
DA:46,0
DA:48,0
DA:51,0
DA:54,0
DA:55,0
DA:56,0
DA:58,0
DA:61,0
DA:65,0
DA:67,0
DA:71,0
DA:72,0
DA:73,0
DA:75,0
DA:78,0
DA:79,0
DA:80,0
DA:85,0
DA:86,0
DA:88,0
DA:90,0
DA:91,0
DA:94,0
DA:95,0
DA:96,0
DA:97,0
DA:99,0
DA:100,0
DA:102,0
DA:157,0
DA:160,0
DA:161,0
DA:168,0
DA:169,0
DA:178,0
DA:179,0
DA:190,0
DA:191,0
DA:209,0
DA:210,0
DA:217,0
DA:218,0
LF:52
LH:0
BRDA:42,0,0,0
BRDA:42,0,1,0
BRDA:42,1,0,0
BRDA:42,1,1,0
BRDA:45,2,0,0
BRDA:54,3,0,0
BRDA:54,4,0,0
BRDA:54,4,1,0
BRDA:72,5,0,0
BRDA:72,6,0,0
BRDA:72,6,1,0
BRDA:106,7,0,0
BRDA:106,7,1,0
BRDA:106,8,0,0
BRDA:106,8,1,0
BRDA:115,9,0,0
BRDA:115,9,1,0
BRDA:115,9,2,0
BRDA:127,10,0,0
BRDA:127,10,1,0
BRDA:127,11,0,0
BRDA:127,11,1,0
BRDA:138,12,0,0
BRDA:138,12,1,0
BRDA:138,13,0,0
BRDA:138,13,1,0
BRDA:147,14,0,0
BRDA:147,14,1,0
BRDA:147,15,0,0
BRDA:147,15,1,0
BRDA:155,16,0,0
BRDA:155,16,1,0
BRDA:174,17,0,0
BRDA:174,17,1,0
BRDA:174,18,0,0
BRDA:174,18,1,0
BRDA:203,19,0,0
BRDA:203,19,1,0
BRDA:213,20,0,0
BRDA:213,20,1,0
BRDA:225,21,0,0
BRDA:225,21,1,0
BRDA:225,22,0,0
BRDA:225,22,1,0
BRDA:244,23,0,0
BRDA:244,23,1,0
BRDA:245,24,0,0
BRDA:245,24,1,0
BRDA:245,24,2,0
BRF:49
BRH:0
end_of_record
TN:
SF:src\components\reusableComponents\MyProfileDocumentTabContent.component.tsx
FN:61,(anonymous_0)
FN:67,(anonymous_1)
FN:71,(anonymous_2)
FN:77,(anonymous_3)
FN:78,(anonymous_4)
FN:113,(anonymous_5)
FN:118,(anonymous_6)
FN:122,(anonymous_7)
FN:129,(anonymous_8)
FN:136,(anonymous_9)
FN:157,(anonymous_10)
FN:160,(anonymous_11)
FN:165,(anonymous_12)
FN:174,(anonymous_13)
FN:178,(anonymous_14)
FN:188,(anonymous_15)
FN:208,(anonymous_16)
FN:212,(anonymous_17)
FN:216,(anonymous_18)
FN:219,(anonymous_19)
FN:266,(anonymous_20)
FN:273,(anonymous_21)
FN:279,(anonymous_22)
FN:282,(anonymous_23)
FN:285,(anonymous_24)
FN:292,(anonymous_25)
FN:364,(anonymous_26)
FN:466,(anonymous_27)
FN:485,(anonymous_28)
FN:495,(anonymous_29)
FN:561,(anonymous_30)
FNF:31
FNH:0
FNDA:0,(anonymous_0)
FNDA:0,(anonymous_1)
FNDA:0,(anonymous_2)
FNDA:0,(anonymous_3)
FNDA:0,(anonymous_4)
FNDA:0,(anonymous_5)
FNDA:0,(anonymous_6)
FNDA:0,(anonymous_7)
FNDA:0,(anonymous_8)
FNDA:0,(anonymous_9)
FNDA:0,(anonymous_10)
FNDA:0,(anonymous_11)
FNDA:0,(anonymous_12)
FNDA:0,(anonymous_13)
FNDA:0,(anonymous_14)
FNDA:0,(anonymous_15)
FNDA:0,(anonymous_16)
FNDA:0,(anonymous_17)
FNDA:0,(anonymous_18)
FNDA:0,(anonymous_19)
FNDA:0,(anonymous_20)
FNDA:0,(anonymous_21)
FNDA:0,(anonymous_22)
FNDA:0,(anonymous_23)
FNDA:0,(anonymous_24)
FNDA:0,(anonymous_25)
FNDA:0,(anonymous_26)
FNDA:0,(anonymous_27)
FNDA:0,(anonymous_28)
FNDA:0,(anonymous_29)
FNDA:0,(anonymous_30)
DA:61,0
DA:62,0
DA:63,0
DA:65,0
DA:67,0
DA:68,0
DA:71,0
DA:72,0
DA:73,0
DA:74,0
DA:75,0
DA:76,0
DA:77,0
DA:78,0
DA:81,0
DA:91,0
DA:109,0
DA:110,0
DA:111,0
DA:113,0
DA:114,0
DA:115,0
DA:116,0
DA:117,0
DA:118,0
DA:122,0
DA:123,0
DA:124,0
DA:125,0
DA:126,0
DA:129,0
DA:130,0
DA:131,0
DA:133,0
DA:136,0
DA:137,0
DA:138,0
DA:140,0
DA:141,0
DA:142,0
DA:143,0
DA:147,0
DA:148,0
DA:149,0
DA:150,0
DA:151,0
DA:152,0
DA:153,0
DA:154,0
DA:155,0
DA:156,0
DA:157,0
DA:158,0
DA:160,0
DA:161,0
DA:162,0
DA:163,0
DA:165,0
DA:166,0
DA:169,0
DA:174,0
DA:175,0
DA:177,0
DA:178,0
DA:179,0
DA:180,0
DA:181,0
DA:182,0
DA:183,0
DA:185,0
DA:186,0
DA:188,0
DA:190,0
DA:193,0
DA:194,0
DA:195,0
DA:196,0
DA:197,0
DA:198,0
DA:199,0
DA:201,0
DA:203,0
DA:207,0
DA:208,0
DA:209,0
DA:212,0
DA:213,0
DA:215,0
DA:216,0
DA:219,0
DA:220,0
DA:222,0
DA:227,0
DA:229,0
DA:230,0
DA:231,0
DA:232,0
DA:233,0
DA:234,0
DA:236,0
DA:237,0
DA:238,0
DA:239,0
DA:241,0
DA:242,0
DA:244,0
DA:246,0
DA:247,0
DA:248,0
DA:249,0
DA:250,0
DA:251,0
DA:253,0
DA:254,0
DA:255,0
DA:256,0
DA:257,0
DA:258,0
DA:260,0
DA:263,0
DA:265,0
DA:266,0
DA:267,0
DA:273,0
DA:276,0
DA:277,0
DA:279,0
DA:280,0
DA:282,0
DA:283,0
DA:285,0
DA:286,0
DA:287,0
DA:289,0
DA:292,0
DA:293,0
DA:296,0
DA:365,0
DA:467,0
DA:485,0
DA:495,0
DA:562,0
DA:563,0
DA:565,0
DA:566,0
LF:145
LH:0
BRDA:92,0,0,0
BRDA:92,0,1,0
BRDA:92,1,0,0
BRDA:92,1,1,0
BRDA:92,1,2,0
BRDA:97,2,0,0
BRDA:97,2,1,0
BRDA:97,3,0,0
BRDA:97,3,1,0
BRDA:97,3,2,0
BRDA:102,4,0,0
BRDA:102,4,1,0
BRDA:102,5,0,0
BRDA:102,5,1,0
BRDA:102,5,2,0
BRDA:115,6,0,0
BRDA:115,7,0,0
BRDA:115,7,1,0
BRDA:117,8,0,0
BRDA:117,8,1,0
BRDA:141,9,0,0
BRDA:163,10,0,0
BRDA:163,10,1,0
BRDA:182,11,0,0
BRDA:185,12,0,0
BRDA:190,13,0,0
BRDA:190,13,1,0
BRDA:198,14,0,0
BRDA:198,14,1,0
BRDA:223,15,0,0
BRDA:223,15,1,0
BRDA:224,16,0,0
BRDA:224,16,1,0
BRDA:229,17,0,0
BRDA:229,18,0,0
BRDA:229,18,1,0
BRDA:229,18,2,0
BRDA:233,19,0,0
BRDA:253,20,0,0
BRDA:255,21,0,0
BRDA:256,22,0,0
BRDA:286,23,0,0
[...]
FN:190,(anonymous_14)
FN:223,(anonymous_15)
FN:224,(anonymous_16)
FN:225,(anonymous_17)
FN:280,(anonymous_18)
FN:287,(anonymous_19)
FN:295,(anonymous_20)
FN:304,(anonymous_21)
FN:310,(anonymous_22)
FN:354,(anonymous_23)
FN:365,(anonymous_24)
FN:392,(anonymous_25)
FN:394,(anonymous_26)
FN:409,(anonymous_27)
FN:412,(anonymous_28)
FN:424,(anonymous_29)
FN:430,(anonymous_30)
FN:431,(anonymous_31)
FN:447,(anonymous_32)
FN:453,(anonymous_33)
FN:505,(anonymous_34)
FN:538,(anonymous_35)
FN:539,(anonymous_36)
FN:545,(anonymous_37)
FN:546,(anonymous_38)
FNF:39
FNH:0
FNDA:0,(anonymous_0)
FNDA:0,(anonymous_1)
FNDA:0,(anonymous_2)
FNDA:0,(anonymous_3)
FNDA:0,(anonymous_4)
FNDA:0,(anonymous_5)
FNDA:0,(anonymous_6)
FNDA:0,(anonymous_7)
FNDA:0,(anonymous_8)
FNDA:0,(anonymous_9)
FNDA:0,(anonymous_10)
FNDA:0,(anonymous_11)
FNDA:0,(anonymous_12)
FNDA:0,(anonymous_13)
FNDA:0,(anonymous_14)
FNDA:0,(anonymous_15)
FNDA:0,(anonymous_16)
FNDA:0,(anonymous_17)
FNDA:0,(anonymous_18)
FNDA:0,(anonymous_19)
FNDA:0,(anonymous_20)
FNDA:0,(anonymous_21)
FNDA:0,(anonymous_22)
FNDA:0,(anonymous_23)
FNDA:0,(anonymous_24)
FNDA:0,(anonymous_25)
FNDA:0,(anonymous_26)
FNDA:0,(anonymous_27)
FNDA:0,(anonymous_28)
FNDA:0,(anonymous_29)
FNDA:0,(anonymous_30)
FNDA:0,(anonymous_31)
FNDA:0,(anonymous_32)
FNDA:0,(anonymous_33)
FNDA:0,(anonymous_34)
FNDA:0,(anonymous_35)
FNDA:0,(anonymous_36)
FNDA:0,(anonymous_37)
FNDA:0,(anonymous_38)
DA:3,0
DA:5,0
DA:6,0
DA:13,0
DA:51,0
DA:66,0
DA:67,0
DA:101,0
DA:105,0
DA:116,0
DA:130,0
DA:133,0
DA:159,0
DA:168,0
DA:183,0
DA:185,0
DA:190,0
DA:207,0
DA:221,0
DA:223,0
DA:224,0
DA:225,0
DA:268,0
DA:280,0
DA:287,0
DA:295,0
DA:304,0
DA:309,0
DA:310,0
DA:320,0
DA:354,0
DA:365,0
DA:392,0
DA:394,0
DA:409,0
DA:412,0
DA:424,0
DA:428,0
DA:430,0
DA:431,0
DA:445,0
DA:447,0
DA:453,0
DA:457,0
DA:475,0
DA:486,0
DA:497,0
DA:505,0
DA:531,0
DA:538,0
DA:539,0
DA:543,0
DA:545,0
DA:546,0
LF:54
LH:0
BRDA:185,0,0,0
BRDA:185,0,1,0
BRF:2
BRH:0
end_of_record
TN:
SF:src\styles\OrganizationSettingsStyles.style.tsx
FN:52,(anonymous_0)
FN:53,(anonymous_1)
FN:56,(anonymous_2)
FN:64,(anonymous_3)
FN:65,(anonymous_4)
FN:80,(anonymous_5)
FN:87,(anonymous_6)
FN:96,(anonymous_7)
FN:98,(anonymous_8)
FN:99,(anonymous_9)
FN:115,(anonymous_10)
FN:116,(anonymous_11)
FN:125,(anonymous_12)
FN:126,(anonymous_13)
FN:127,(anonymous_14)
FN:138,(anonymous_15)
FN:139,(anonymous_16)
FN:170,(anonymous_17)
FN:171,(anonymous_18)
FN:182,(anonymous_19)
FN:184,(anonymous_20)
FN:251,(anonymous_21)
FNF:22
FNH:0
FNDA:0,(anonymous_0)
FNDA:0,(anonymous_1)
FNDA:0,(anonymous_2)
FNDA:0,(anonymous_3)
FNDA:0,(anonymous_4)
FNDA:0,(anonymous_5)
FNDA:0,(anonymous_6)
FNDA:0,(anonymous_7)
FNDA:0,(anonymous_8)
FNDA:0,(anonymous_9)
FNDA:0,(anonymous_10)
FNDA:0,(anonymous_11)
FNDA:0,(anonymous_12)
FNDA:0,(anonymous_13)
FNDA:0,(anonymous_14)
FNDA:0,(anonymous_15)
FNDA:0,(anonymous_16)
FNDA:0,(anonymous_17)
FNDA:0,(anonymous_18)
FNDA:0,(anonymous_19)
FNDA:0,(anonymous_20)
FNDA:0,(anonymous_21)
DA:2,0
DA:8,0
DA:26,0
DA:52,0
DA:53,0
DA:56,0
DA:64,0
DA:65,0
DA:80,0
DA:84,0
DA:87,0
DA:91,0
DA:96,0
DA:98,0
DA:99,0
DA:115,0
DA:116,0
DA:121,0
DA:125,0
DA:126,0
DA:127,0
DA:138,0
DA:139,0
DA:144,0
DA:152,0
DA:170,0
DA:171,0
DA:176,0
DA:182,0
DA:184,0
DA:222,0
DA:229,0
DA:251,0
DA:261,0
LF:34
LH:0
BRDA:170,0,0,0
BRDA:170,0,1,0
BRDA:171,1,0,0
BRDA:171,1,1,0
BRDA:184,2,0,0
BRDA:184,2,1,0
BRF:6
BRH:0
end_of_record
TN:
SF:src\styles\RecruitmentStyles.style.tsx
FNF:0
FNH:0
DA:3,0
LF:1
LH:0
BRF:0
BRH:0
end_of_record
TN:
SF:src\styles\SettingsStyles.style.tsx
FN:31,(anonymous_0)
FN:32,(anonymous_1)
FN:70,(anonymous_2)
FN:86,(anonymous_3)
FN:88,(anonymous_4)
FN:92,(anonymous_5)
FN:94,(anonymous_6)
FN:126,(anonymous_7)
FN:142,(anonymous_8)
FN:144,(anonymous_9)
FN:204,(anonymous_10)
FN:236,(anonymous_11)
FN:270,(anonymous_12)
FN:272,(anonymous_13)
FNF:14
FNH:0
FNDA:0,(anonymous_0)
FNDA:0,(anonymous_1)
FNDA:0,(anonymous_2)
FNDA:0,(anonymous_3)
FNDA:0,(anonymous_4)
FNDA:0,(anonymous_5)
FNDA:0,(anonymous_6)
FNDA:0,(anonymous_7)
FNDA:0,(anonymous_8)
FNDA:0,(anonymous_9)
FNDA:0,(anonymous_10)
FNDA:0,(anonymous_11)
FNDA:0,(anonymous_12)
FNDA:0,(anonymous_13)
DA:2,0
DA:5,0
DA:17,0
DA:26,0
DA:31,0
DA:32,0
DA:42,0
DA:70,0
DA:86,0
DA:88,0
DA:92,0
DA:94,0
DA:126,0
DA:142,0
DA:144,0
DA:148,0
DA:197,0
DA:204,0
DA:217,0
DA:236,0
DA:253,0
DA:270,0
DA:273,0
LF:23
LH:0
BRDA:236,0,0,0
BRDA:236,0,1,0
BRDA:273,1,0,0
BRDA:273,1,1,0
BRF:4
BRH:0
end_of_record
TN:
SF:src\styles\SideModalStyles.style.tsx
FN:24,(anonymous_0)
FNF:1
FNH:0
FNDA:0,(anonymous_0)
DA:3,0
DA:17,0
DA:24,0
DA:31,0
LF:4
LH:0
BRF:0
BRH:0
end_of_record
TN:
SF:src\styles\StyledPagination.style.tsx
FN:20,(anonymous_0)
FN:25,(anonymous_1)
FN:33,(anonymous_2)
FN:34,(anonymous_3)
FN:37,(anonymous_4)
FN:42,(anonymous_5)
FN:51,(anonymous_6)
FN:52,(anonymous_7)
FN:53,(anonymous_8)
FNF:9
FNH:0
FNDA:0,(anonymous_0)
FNDA:0,(anonymous_1)
FNDA:0,(anonymous_2)
FNDA:0,(anonymous_3)
FNDA:0,(anonymous_4)
FNDA:0,(anonymous_5)
FNDA:0,(anonymous_6)
FNDA:0,(anonymous_7)
FNDA:0,(anonymous_8)
DA:4,0
DA:10,0
DA:16,0
DA:20,0
DA:25,0
DA:29,0
DA:33,0
DA:34,0
DA:37,0
DA:41,0
DA:42,0
DA:51,0
DA:52,0
DA:53,0
LF:14
LH:0
BRF:0
BRH:0
end_of_record
TN:
SF:src\styles\TableStyles.style.tsx
FN:15,(anonymous_0)
FN:16,(anonymous_1)
FN:34,(anonymous_2)
FNF:3
FNH:0
FNDA:0,(anonymous_0)
FNDA:0,(anonymous_1)
FNDA:0,(anonymous_2)
DA:3,0
DA:9,0
DA:15,0
DA:16,0
DA:34,0
DA:68,0
LF:6
LH:0
BRF:0
BRH:0
end_of_record
TN:
SF:src\styles\ThemeTypography.style.tsx
FN:13,(anonymous_0)
FN:14,(anonymous_1)
FN:16,(anonymous_2)
FN:18,(anonymous_3)
FN:63,(anonymous_4)
FN:64,(anonymous_5)
FN:77,(anonymous_6)
FN:85,(anonymous_7)
FN:117,(anonymous_8)
FN:145,(anonymous_9)
FN:184,(anonymous_10)
FN:185,(anonymous_11)
FNF:12
FNH:0
FNDA:0,(anonymous_0)
FNDA:0,(anonymous_1)
FNDA:0,(anonymous_2)
FNDA:0,(anonymous_3)
FNDA:0,(anonymous_4)
FNDA:0,(anonymous_5)
FNDA:0,(anonymous_6)
FNDA:0,(anonymous_7)
FNDA:0,(anonymous_8)
FNDA:0,(anonymous_9)
FNDA:0,(anonymous_10)
FNDA:0,(anonymous_11)
DA:8,0
DA:13,0
DA:15,0
DA:17,0
DA:18,0
DA:23,0
DA:30,0
DA:34,0
DA:40,0
DA:45,0
DA:50,0
DA:54,0
DA:61,0
DA:63,0
DA:64,0
DA:76,0
DA:77,0
DA:84,0
DA:85,0
DA:94,0
DA:103,0
DA:115,0
DA:117,0
DA:126,0
DA:134,0
DA:144,0
DA:145,0
DA:155,0
DA:168,0
DA:181,0
DA:184,0
DA:185,0
LF:32
LH:0
BRDA:15,0,0,0
BRDA:15,0,1,0
BRDA:17,1,0,0
BRDA:17,1,1,0
BRDA:18,2,0,0
BRDA:18,2,1,0
BRF:6
BRH:0
end_of_record
TN:
SF:src\styles\ToastMessage.style.tsx
FN:21,(anonymous_0)
FN:22,(anonymous_1)
FN:61,(anonymous_2)
FNF:3
FNH:0
FNDA:0,(anonymous_0)
FNDA:0,(anonymous_1)
FNDA:0,(anonymous_2)
DA:3,0
DA:12,0
DA:21,0
DA:22,0
DA:62,0
LF:5
LH:0
BRF:0
BRH:0
end_of_record
TN:
SF:src\styles\ZeroEntriesFoundStyles.Style.tsx
FNF:0
FNH:0
DA:3,0
LF:1
LH:0
BRF:0
BRH:0
end_of_record
TN:
SF:src\svgs\CommonSvgs.svs.tsx
FN:5,(anonymous_0)
FN:24,(anonymous_1)
FN:55,(anonymous_2)
FN:84,(anonymous_3)
FN:109,(anonymous_4)
FN:123,(anonymous_5)
FN:142,(anonymous_6)
FN:167,(anonymous_7)
FN:186,(anonymous_8)
FN:229,(anonymous_9)
FN:249,(anonymous_10)
FN:266,(anonymous_11)
FN:285,(anonymous_12)
FN:302,(anonymous_13)
FN:319,(anonymous_14)
FN:385,(anonymous_15)
FN:398,(anonymous_16)
FN:463,(anonymous_17)
FN:481,(anonymous_18)
FN:499,(anonymous_19)
FN:516,(anonymous_20)
FN:529,(anonymous_21)
FN:541,(anonymous_22)
FN:574,(anonymous_23)
FN:590,(anonymous_24)
FN:643,(anonymous_25)
FN:661,(anonymous_26)
FN:693,(anonymous_27)
FN:709,(anonymous_28)
FN:723,(anonymous_29)
FN:753,(anonymous_30)
FN:783,(anonymous_31)
FN:801,(anonymous_32)
FN:820,(anonymous_33)
FN:852,(anonymous_34)
FN:866,(anonymous_35)
FN:880,(anonymous_36)
FNF:37
FNH:0
FNDA:0,(anonymous_0)
FNDA:0,(anonymous_1)
FNDA:0,(anonymous_2)
FNDA:0,(anonymous_3)
FNDA:0,(anonymous_4)
FNDA:0,(anonymous_5)
FNDA:0,(anonymous_6)
FNDA:0,(anonymous_7)
FNDA:0,(anonymous_8)
FNDA:0,(anonymous_9)
FNDA:0,(anonymous_10)
FNDA:0,(anonymous_11)
FNDA:0,(anonymous_12)
FNDA:0,(anonymous_13)
FNDA:0,(anonymous_14)
FNDA:0,(anonymous_15)
FNDA:0,(anonymous_16)
FNDA:0,(anonymous_17)
FNDA:0,(anonymous_18)
FNDA:0,(anonymous_19)
FNDA:0,(anonymous_20)
FNDA:0,(anonymous_21)
FNDA:0,(anonymous_22)
FNDA:0,(anonymous_23)
FNDA:0,(anonymous_24)
FNDA:0,(anonymous_25)
FNDA:0,(anonymous_26)
FNDA:0,(anonymous_27)
FNDA:0,(anonymous_28)
FNDA:0,(anonymous_29)
FNDA:0,(anonymous_30)
FNDA:0,(anonymous_31)
FNDA:0,(anonymous_32)
FNDA:0,(anonymous_33)
FNDA:0,(anonymous_34)
FNDA:0,(anonymous_35)
FNDA:0,(anonymous_36)
DA:5,0
DA:6,0
DA:24,0
DA:25,0
DA:55,0
DA:56,0
DA:84,0
DA:85,0
DA:109,0
DA:110,0
DA:123,0
DA:124,0
DA:142,0
DA:143,0
DA:167,0
DA:168,0
DA:186,0
DA:187,0
DA:229,0
DA:230,0
DA:249,0
DA:250,0
DA:266,0
DA:267,0
DA:285,0
DA:286,0
DA:302,0
DA:303,0
DA:319,0
DA:320,0
DA:385,0
DA:386,0
DA:398,0
DA:399,0
DA:463,0
DA:464,0
DA:481,0
DA:482,0
DA:499,0
DA:500,0
DA:516,0
DA:517,0
DA:529,0
DA:530,0
DA:541,0
DA:542,0
DA:574,0
DA:575,0
DA:590,0
DA:591,0
DA:643,0
DA:644,0
DA:661,0
DA:662,0
DA:693,0
DA:694,0
DA:709,0
DA:710,0
DA:723,0
DA:724,0
DA:753,0
DA:754,0
DA:783,0
DA:784,0
DA:801,0
DA:802,0
DA:820,0
DA:821,0
DA:852,0
DA:853,0
DA:866,0
DA:867,0
DA:880,0
DA:881,0
LF:74
LH:0
BRDA:199,0,0,0
BRDA:199,0,1,0
BRDA:205,1,0,0
BRDA:205,1,1,0
BRDA:211,2,0,0
BRDA:211,2,1,0
BRDA:217,3,0,0
BRDA:217,3,1,0
BRDA:223,4,0,0
BRDA:223,4,1,0
BRDA:703,5,0,0
BRDA:703,5,1,0
BRDA:716,6,0,0
BRDA:716,6,1,0
BRDA:832,7,0,0
BRDA:832,7,1,0
BRDA:836,8,0,0
BRDA:836,8,1,0
BRDA:840,9,0,0
BRDA:840,9,1,0
BRF:20
BRH:0
end_of_record
TN:
SF:src\svgs\CreateIDPatternSvgs.svg.tsx
FN:1,(anonymous_0)
FN:22,(anonymous_1)
FN:43,(anonymous_2)
FN:64,(anonymous_3)
FN:84,(anonymous_4)
FNF:5
FNH:0
FNDA:0,(anonymous_0)
FNDA:0,(anonymous_1)
FNDA:0,(anonymous_2)
FNDA:0,(anonymous_3)
FNDA:0,(anonymous_4)
DA:1,0
DA:2,0
DA:22,0
DA:23,0
DA:43,0
DA:44,0
DA:64,0
DA:65,0
DA:84,0
DA:85,0
LF:10
LH:0
BRF:0
BRH:0
end_of_record
TN:
SF:src\svgs\DocumentTabSvgs.svg.tsx
FN:1,(anonymous_0)
FN:29,(anonymous_1)
FN:65,(anonymous_2)
FN:107,(anonymous_3)
FN:137,(anonymous_4)
FN:186,(anonymous_5)
FN:205,(anonymous_6)
FN:225,(anonymous_7)
FN:268,(anonymous_8)
FN:305,(anonymous_9)
FN:322,(anonymous_10)
FN:341,(anonymous_11)
FN:616,(anonymous_12)
FN:635,(anonymous_13)
FNF:14
FNH:0
FNDA:0,(anonymous_0)
FNDA:0,(anonymous_1)
FNDA:0,(anonymous_2)
FNDA:0,(anonymous_3)
FNDA:0,(anonymous_4)
FNDA:0,(anonymous_5)
FNDA:0,(anonymous_6)
FNDA:0,(anonymous_7)
FNDA:0,(anonymous_8)
FNDA:0,(anonymous_9)
FNDA:0,(anonymous_10)
FNDA:0,(anonymous_11)
FNDA:0,(anonymous_12)
FNDA:0,(anonymous_13)
DA:1,0
DA:2,0
DA:29,0
DA:30,0
DA:65,0
DA:66,0
DA:107,0
DA:108,0
DA:137,0
DA:138,0
DA:186,0
DA:187,0
DA:205,0
DA:206,0
DA:225,0
DA:226,0
DA:268,0
DA:269,0
DA:305,0
DA:306,0
DA:322,0
DA:323,0
DA:341,0
DA:342,0
DA:616,0
DA:617,0
DA:635,0
DA:636,0
LF:28
LH:0
BRDA:197,0,0,0
BRDA:197,0,1,0
BRF:2
BRH:0
end_of_record
TN:
SF:src\svgs\EmployeeListSvgs.svg.tsx
FN:1,(anonymous_0)
FN:38,(anonymous_1)
FNF:2
FNH:0
FNDA:0,(anonymous_0)
FNDA:0,(anonymous_1)
DA:1,0
DA:2,0
DA:38,0
DA:39,0
LF:4
LH:0
BRF:0
BRH:0
end_of_record
TN:
SF:src\svgs\ExpenseListSvgs.svg.tsx
FN:1,(anonymous_0)
FN:21,(anonymous_1)
FN:46,(anonymous_2)
FN:95,(anonymous_3)
FN:137,(anonymous_4)
FN:167,(anonymous_5)
FN:216,(anonymous_6)
FNF:7
FNH:0
FNDA:0,(anonymous_0)
FNDA:0,(anonymous_1)
FNDA:0,(anonymous_2)
FNDA:0,(anonymous_3)
FNDA:0,(anonymous_4)
FNDA:0,(anonymous_5)
FNDA:0,(anonymous_6)
DA:1,0
DA:2,0
DA:21,0
DA:22,0
DA:46,0
DA:47,0
DA:95,0
DA:96,0
DA:137,0
DA:138,0
DA:167,0
DA:168,0
DA:216,0
DA:217,0
LF:14
LH:0
BRDA:223,0,0,0
BRDA:223,0,1,0
BRDA:227,1,0,0
BRDA:227,1,1,0
BRF:4
BRH:0
end_of_record
TN:
SF:src\svgs\LoginBgSVG.svg.tsx
FN:1,(anonymous_0)
FNF:1
FNH:0
FNDA:0,(anonymous_0)
DA:1,0
DA:2,0
LF:2
LH:0
BRF:0
BRH:0
end_of_record
TN:
SF:src\svgs\MobileMenuSvgs.svgs.tsx
FN:1,(anonymous_0)
FN:14,(anonymous_1)
FNF:2
FNH:0
FNDA:0,(anonymous_0)
FNDA:0,(anonymous_1)
DA:1,0
DA:2,0
DA:14,0
DA:15,0
LF:4
LH:0
BRF:0
BRH:0
end_of_record
TN:
SF:src\svgs\NavBarSvgs.svg.tsx
FN:7,(anonymous_0)
FN:31,(anonymous_1)
FN:34,(anonymous_2)
FN:69,(anonymous_3)
FN:105,(anonymous_4)
FN:140,(anonymous_5)
FN:191,(anonymous_6)
FN:224,(anonymous_7)
FN:279,(anonymous_8)
FN:294,(anonymous_9)
FN:323,(anonymous_10)
FN:361,(anonymous_11)
FN:388,(anonymous_12)
FN:407,(anonymous_13)
FN:429,(anonymous_14)
FN:457,(anonymous_15)
FN:480,(anonymous_16)
FN:498,(anonymous_17)
FN:519,(anonymous_18)
FN:540,(anonymous_19)
FN:569,(anonymous_20)
FN:585,(anonymous_21)
FN:605,(anonymous_22)
FN:624,(anonymous_23)
FN:661,(anonymous_24)
FN:679,(anonymous_25)
FN:733,(anonymous_26)
FN:769,(anonymous_27)
FN:800,(anonymous_28)
FN:822,(anonymous_29)
FN:842,(anonymous_30)
FN:858,(anonymous_31)
FN:896,(anonymous_32)
FN:927,(anonymous_33)
FN:976,(anonymous_34)
FN:993,(anonymous_35)
FNF:36
FNH:0
FNDA:0,(anonymous_0)
FNDA:0,(anonymous_1)
FNDA:0,(anonymous_2)
FNDA:0,(anonymous_3)
FNDA:0,(anonymous_4)
FNDA:0,(anonymous_5)
FNDA:0,(anonymous_6)
FNDA:0,(anonymous_7)
FNDA:0,(anonymous_8)
FNDA:0,(anonymous_9)
FNDA:0,(anonymous_10)
FNDA:0,(anonymous_11)
FNDA:0,(anonymous_12)
FNDA:0,(anonymous_13)
FNDA:0,(anonymous_14)
FNDA:0,(anonymous_15)
FNDA:0,(anonymous_16)
FNDA:0,(anonymous_17)
FNDA:0,(anonymous_18)
FNDA:0,(anonymous_19)
FNDA:0,(anonymous_20)
FNDA:0,(anonymous_21)
FNDA:0,(anonymous_22)
FNDA:0,(anonymous_23)
FNDA:0,(anonymous_24)
FNDA:0,(anonymous_25)
FNDA:0,(anonymous_26)
FNDA:0,(anonymous_27)
FNDA:0,(anonymous_28)
FNDA:0,(anonymous_29)
FNDA:0,(anonymous_30)
FNDA:0,(anonymous_31)
FNDA:0,(anonymous_32)
FNDA:0,(anonymous_33)
FNDA:0,(anonymous_34)
FNDA:0,(anonymous_35)
DA:7,0
DA:8,0
DA:29,0
DA:31,0
DA:34,0
DA:35,0
DA:69,0
DA:70,0
DA:71,0
DA:105,0
DA:110,0
DA:140,0
DA:141,0
DA:191,0
DA:192,0
DA:224,0
DA:229,0
DA:279,0
DA:280,0
DA:294,0
DA:295,0
DA:323,0
DA:324,0
DA:361,0
DA:362,0
DA:388,0
DA:389,0
DA:407,0
DA:408,0
DA:429,0
DA:430,0
DA:431,0
DA:457,0
DA:458,0
DA:480,0
DA:481,0
DA:498,0
DA:499,0
DA:519,0
DA:520,0
DA:540,0
DA:545,0
DA:569,0
DA:570,0
DA:585,0
DA:586,0
DA:605,0
DA:606,0
DA:624,0
DA:629,0
DA:661,0
DA:662,0
DA:679,0
DA:680,0
DA:733,0
DA:740,0
DA:769,0
DA:770,0
DA:800,0
DA:801,0
DA:822,0
DA:823,0
DA:842,0
DA:843,0
DA:858,0
DA:859,0
DA:896,0
DA:897,0
DA:927,0
DA:928,0
DA:976,0
DA:977,0
DA:993,0
DA:994,0
LF:74
LH:0
BRDA:31,0,0,0
BRDA:31,0,1,0
BRDA:70,1,0,0
BRDA:70,1,1,0
BRDA:78,2,0,0
BRDA:78,2,1,0
BRDA:121,3,0,0
BRDA:121,3,1,0
BRDA:125,4,0,0
BRDA:125,4,1,0
BRDA:129,5,0,0
BRDA:129,5,1,0
BRDA:133,6,0,0
BRDA:133,6,1,0
BRDA:154,7,0,0
BRDA:154,7,1,0
BRDA:160,8,0,0
BRDA:160,8,1,0
BRDA:166,9,0,0
BRDA:166,9,1,0
BRDA:172,10,0,0
BRDA:172,10,1,0
BRDA:178,11,0,0
BRDA:178,11,1,0
BRDA:184,12,0,0
BRDA:184,12,1,0
BRDA:205,13,0,0
BRDA:205,13,1,0
BRDA:211,14,0,0
BRDA:211,14,1,0
BRDA:217,15,0,0
BRDA:217,15,1,0
BRDA:242,16,0,0
BRDA:242,16,1,0
BRDA:254,17,0,0
BRDA:254,17,1,0
BRDA:260,18,0,0
BRDA:260,18,1,0
BRDA:266,19,0,0
BRDA:266,19,1,0
BRDA:272,20,0,0
BRDA:272,20,1,0
BRDA:430,21,0,0
BRDA:430,21,1,0
BRDA:438,22,0,0
BRDA:438,22,1,0
BRDA:444,23,0,0
BRDA:444,23,1,0
BRDA:450,24,0,0
BRDA:450,24,1,0
BRDA:557,25,0,0
BRDA:557,25,1,0
BRDA:563,26,0,0
BRDA:563,26,1,0
BRDA:640,27,0,0
BRDA:640,27,1,0
BRDA:647,28,0,0
BRDA:647,28,1,0
BRDA:674,29,0,0
BRDA:674,29,1,0
BRDA:692,30,0,0
BRDA:692,30,1,0
BRDA:698,31,0,0
BRDA:698,31,1,0
BRDA:704,32,0,0
BRDA:704,32,1,0
BRDA:710,33,0,0
BRDA:710,33,1,0
BRDA:716,34,0,0
BRDA:716,34,1,0
BRDA:722,35,0,0
BRDA:722,35,1,0
BRDA:728,36,0,0
BRDA:728,36,1,0
BRDA:742,37,0,0
BRDA:742,37,1,0
BRDA:743,38,0,0
BRDA:743,38,1,0
BRDA:810,39,0,0
BRDA:810,39,1,0
BRDA:814,40,0,0
BRDA:814,40,1,0
BRDA:828,41,0,0
BRDA:828,41,1,0
BRDA:833,42,0,0
BRDA:833,42,1,0
BRDA:848,43,0,0
BRDA:848,43,1,0
BRDA:853,44,0,0
BRDA:853,44,1,0
BRDA:869,45,0,0
BRDA:869,45,1,0
BRDA:876,46,0,0
BRDA:876,46,1,0
BRDA:884,47,0,0
BRDA:884,47,1,0
BRDA:890,48,0,0
BRDA:890,48,1,0
BRDA:912,49,0,0
BRDA:912,49,1,0
BRDA:919,50,0,0
BRDA:919,50,1,0
BRDA:940,51,0,0
BRDA:940,51,1,0
BRDA:946,52,0,0
BRDA:946,52,1,0
BRDA:952,53,0,0
BRDA:952,53,1,0
BRDA:958,54,0,0
BRDA:958,54,1,0
BRDA:964,55,0,0
BRDA:964,55,1,0
BRDA:970,56,0,0
BRDA:970,56,1,0
BRDA:987,57,0,0
BRDA:987,57,1,0
BRF:116
BRH:0
end_of_record
TN:
SF:src\svgs\profilePictureSvgs.svg.tsx
FN:1,(anonymous_0)
FN:25,(anonymous_1)
FN:51,(anonymous_2)
FN:69,(anonymous_3)
FNF:4
FNH:0
FNDA:0,(anonymous_0)
FNDA:0,(anonymous_1)
FNDA:0,(anonymous_2)
FNDA:0,(anonymous_3)
DA:1,0
DA:2,0
DA:25,0
DA:26,0
DA:51,0
DA:52,0
DA:69,0
DA:70,0
LF:8
LH:0
BRF:0
BRH:0
end_of_record
TN:
SF:src\templates\SharePasswordTemplate.tsx
FN:1,(anonymous_0)
FNF:1
FNH:0
FNDA:0,(anonymous_0)
DA:1,0
DA:8,0
LF:2
LH:0
BRF:0
BRH:0
end_of_record
TN:
SF:src\theme\theme.style.tsx
FNF:0
FNH:0
DA:5,1
LF:1
LH:1
BRF:0
BRH:0
end_of_record
TN:
SF:src\utils\currencyFormattors.ts
FN:1,(anonymous_0)
FNF:1
FNH:1
FNDA:5,(anonymous_0)
DA:1,1
DA:2,5
LF:2
LH:2
BRF:0
BRH:0
end_of_record
TN:
SF:src\utils\dateFormatter.ts
FN:5,formatDate
FN:15,(anonymous_1)
FN:23,(anonymous_2)
FN:35,formatDateYYYYMMDD
FN:43,formatDateDDMMYYYY
FN:55,compareTwoDates
FN:62,monthsDiff
FN:72,formatDateDDMMYYYYHHMM
FNF:8
FNH:0
FNDA:0,formatDate
FNDA:0,(anonymous_1)
FNDA:0,(anonymous_2)
FNDA:0,formatDateYYYYMMDD
FNDA:0,formatDateDDMMYYYY
FNDA:0,compareTwoDates
FNDA:0,monthsDiff
FNDA:0,formatDateDDMMYYYYHHMM
DA:3,0
DA:6,0
DA:7,0
DA:12,0
DA:15,0
DA:16,0
DA:17,0
DA:18,0
DA:19,0
DA:20,0
DA:23,0
DA:24,0
DA:25,0
DA:26,0
DA:29,0
DA:30,0
DA:31,0
DA:32,0
DA:36,0
DA:37,0
DA:38,0
DA:39,0
DA:41,0
DA:44,0
DA:45,0
DA:46,0
DA:48,0
DA:49,0
DA:50,0
DA:52,0
DA:56,0
DA:57,0
DA:59,0
DA:63,0
DA:64,0
DA:66,0
DA:67,0
DA:69,0
DA:73,0
DA:74,0
DA:75,0
DA:76,0
DA:77,0
DA:78,0
DA:80,0
LF:45
LH:0
BRDA:45,0,0,0
BRF:1
BRH:0
end_of_record
TN:
SF:src\utils\featureCheck.ts
FN:1,(anonymous_0)
FNF:1
FNH:0
FNDA:0,(anonymous_0)
DA:1,0
DA:2,0
LF:2
LH:0
BRF:0
BRH:0
end_of_record
TN:
SF:src\utils\fileSizeFormatter.ts
FN:1,(anonymous_0)
FNF:1
FNH:0
FNDA:0,(anonymous_0)
DA:1,0
DA:2,0
DA:3,0
DA:4,0
DA:6,0
DA:7,0
DA:8,0
DA:9,0
DA:10,0
DA:11,0
DA:13,0
LF:11
LH:0
BRDA:6,0,0,0
BRDA:6,0,1,0
BRDA:8,1,0,0
BRDA:8,1,1,0
BRDA:10,2,0,0
BRDA:10,2,1,0
BRF:6
BRH:0
end_of_record
TN:
SF:src\utils\formInputValidators.ts
FN:1,isValidPanCardNo
FN:6,isValidPFNumber
FN:12,isValidTANNumber
FN:17,isValidESINumber
FN:23,isValidGSTNumber
FN:29,isValidLINNumber
FN:34,isValidEmail
FN:39,isValidURL
FN:45,isValidPINCode
FN:50,(anonymous_9)
FN:54,(anonymous_10)
FN:58,(anonymous_11)
FN:62,(anonymous_12)
FNF:13
FNH:0
FNDA:0,isValidPanCardNo
FNDA:0,isValidPFNumber
FNDA:0,isValidTANNumber
FNDA:0,isValidESINumber
FNDA:0,isValidGSTNumber
FNDA:0,isValidLINNumber
FNDA:0,isValidEmail
FNDA:0,isValidURL
FNDA:0,isValidPINCode
FNDA:0,(anonymous_9)
FNDA:0,(anonymous_10)
FNDA:0,(anonymous_11)
FNDA:0,(anonymous_12)
DA:2,0
DA:3,0
DA:8,0
DA:9,0
DA:13,0
DA:14,0
DA:19,0
DA:20,0
DA:25,0
DA:26,0
DA:30,0
DA:31,0
DA:35,0
DA:36,0
DA:41,0
DA:42,0
DA:46,0
DA:47,0
DA:50,0
DA:51,0
DA:54,0
DA:55,0
DA:58,0
DA:59,0
DA:62,0
DA:63,0
LF:26
LH:0
BRF:0
BRH:0
end_of_record
TN:
SF:src\utils\isAuthorize.ts
FN:6,(anonymous_0)
FN:12,(anonymous_1)
FN:14,(anonymous_2)
FNF:3
FNH:0
FNDA:0,(anonymous_0)
FNDA:0,(anonymous_1)
FNDA:0,(anonymous_2)
DA:6,0
DA:10,0
DA:13,0
DA:15,0
LF:4
LH:0
BRDA:11,0,0,0
BRDA:11,0,1,0
BRF:2
BRH:0
end_of_record
TN:
SF:src\utils\monthsConstants.ts
FNF:0
FNH:0
DA:1,0
LF:1
LH:0
BRF:0
BRH:0
end_of_record
TN:
SF:src\utils\navigation.keys.ts
FN:1,(anonymous_0)
FNF:1
FNH:0
FNDA:0,(anonymous_0)
DA:1,0
DA:4,0
DA:5,0
DA:6,0
DA:7,0
DA:9,0
DA:10,0
LF:7
LH:0
BRDA:6,0,0,0
BRDA:6,1,0,0
BRDA:6,1,1,0
BRDA:6,1,2,0
BRDA:9,2,0,0
BRDA:9,3,0,0
BRDA:9,3,1,0
BRF:7
BRH:0
end_of_record
TN:
SF:src\utils\permissionCheck.ts
FN:3,(anonymous_0)
FN:4,(anonymous_1)
FN:5,(anonymous_2)
FNF:3
FNH:0
FNDA:0,(anonymous_0)
FNDA:0,(anonymous_1)
FNDA:0,(anonymous_2)
DA:3,0
DA:4,0
DA:5,0
LF:3
LH:0
BRF:0
BRH:0
end_of_record
TN:
SF:src\utils\selectOptions.ts
FNF:0
FNH:0
DA:1,0
LF:1
LH:0
BRF:0
BRH:0
end_of_record
TN:
SF:src\utils\stringUtils.ts
FN:1,capitalizeFirstLetter
FN:5,removeUnderScore
FN:8,(anonymous_2)
FNF:3
FNH:0
FNDA:0,capitalizeFirstLetter
FNDA:0,removeUnderScore
FNDA:0,(anonymous_2)
DA:2,0
DA:6,0
DA:7,0
DA:8,0
DA:10,0
DA:11,0
LF:6
LH:0
BRF:0
BRH:0
end_of_record
TN:
SF:src\utils\themeUtils.ts
FNF:0
FNH:0
DA:5,0
DA:14,0
DA:21,0
LF:3
LH:0
BRF:0
BRH:0
end_of_record
